<?xml version="1.0" encoding="UTF-8"?>
<robot generator="Robot 7.4.1 (Python 3.12.2 on win32)" generated="2026-04-05T23:42:02.266173" rpa="false" schemaversion="5">
<suite id="s1" name="Robot" source="C:\n\year3\sem2\team_pj\progcheck\tests\robot">
<suite id="s1-s1" name="Auth" source="C:\n\year3\sem2\team_pj\progcheck\tests\robot\auth.robot">
<kw name="Create Session" owner="common" type="SETUP">
<kw name="Create Session" owner="RequestsLibrary">
<msg time="2026-04-05T23:42:02.543290" level="INFO">Creating Session using : alias=progcheck, url=http://localhost:8000, headers={},                     cookies={}, auth=None, timeout=None, proxies=None, verify=False,                     debug=0 </msg>
<arg>progcheck</arg>
<arg>${BASE_URL}</arg>
<arg>verify=False</arg>
<doc>Create Session: create a HTTP session to a server</doc>
<status status="PASS" start="2026-04-05T23:42:02.543290" elapsed="0.000998"/>
</kw>
<doc>Open a requests session to the ProgCheck API server.</doc>
<status status="PASS" start="2026-04-05T23:42:02.543290" elapsed="0.000998"/>
</kw>
<test id="s1-s1-t1" name="TC-AUTH-001 Student Registration Returns Token" line="21">
<kw name="Generate Random String" owner="String">
<msg time="2026-04-05T23:42:02.544793" level="INFO">${uid} = 11307205</msg>
<var>${uid}</var>
<arg>8</arg>
<arg>[NUMBERS]</arg>
<doc>Generates a string with a desired ``length`` from the given ``chars``.</doc>
<status status="PASS" start="2026-04-05T23:42:02.544793" elapsed="0.000000"/>
</kw>
<kw name="Create Dictionary" owner="BuiltIn">
<msg time="2026-04-05T23:42:02.545805" level="INFO">${body} = {'username': 'student_11307205', 'password': 'Pass123', 'role': 'student', 'student_id': 'TST_11307205'}</msg>
<var>${body}</var>
<arg>username=student_${uid}</arg>
<arg>password=Pass123</arg>
<arg>role=student</arg>
<arg>student_id=TST_${uid}</arg>
<doc>Creates and returns a dictionary based on the given ``items``.</doc>
<status status="PASS" start="2026-04-05T23:42:02.545805" elapsed="0.000000"/>
</kw>
<kw name="POST On Session" owner="RequestsLibrary">
<msg time="2026-04-05T23:42:04.828518" level="INFO">POST Request : url=http://localhost:8000/api/auth/register 
 path_url=/api/auth/register 
 headers={'User-Agent': 'python-requests/2.31.0', 'Accept-Encoding': 'gzip, deflate', 'Accept': '*/*', 'Connection': 'keep-alive', 'Content-Length': '104', 'Content-Type': 'application/json'} 
 body=b'{"username": "student_11307205", "password": "Pass123", "role": "student", "student_id": "TST_11307205"}' 
 </msg>
<msg time="2026-04-05T23:42:04.828518" level="INFO">POST Response : url=http://localhost:8000/api/auth/register 
 status=200, reason=OK 
 headers={'date': 'Sun, 05 Apr 2026 16:42:03 GMT', 'server': 'uvicorn', 'content-length': '171', 'content-type': 'application/json'} 
 body={"user":{"id":"TST_11307205","username":"student_11307205","role":"student","email":null,"display_name":"student_11307205"},"token":"2660f6a3-490f-480c-bac1-bdcd0d9a72c4"} 
 </msg>
<msg time="2026-04-05T23:42:04.828518" level="INFO">${resp} = &lt;Response [200]&gt;</msg>
<var>${resp}</var>
<arg>progcheck</arg>
<arg>/api/auth/register</arg>
<arg>json=${body}</arg>
<doc>Sends a POST request on a previously created HTTP Session.</doc>
<status status="PASS" start="2026-04-05T23:42:02.545805" elapsed="2.282713"/>
</kw>
<kw name="Status Should Be" owner="RequestsLibrary">
<arg>200</arg>
<arg>${resp}</arg>
<doc>Fails if response status code is different than the expected.</doc>
<status status="PASS" start="2026-04-05T23:42:04.829520" elapsed="0.000000"/>
</kw>
<kw name="Dictionary Should Contain Key" owner="Collections">
<arg>${resp.json()}</arg>
<arg>token</arg>
<doc>Fails if ``key`` is not found from ``dictionary``.</doc>
<status status="PASS" start="2026-04-05T23:42:04.829520" elapsed="0.000989"/>
</kw>
<kw name="Get From Dictionary" owner="Collections">
<msg time="2026-04-05T23:42:04.830509" level="INFO">${token} = 2660f6a3-490f-480c-bac1-bdcd0d9a72c4</msg>
<var>${token}</var>
<arg>${resp.json()}</arg>
<arg>token</arg>
<doc>Returns a value from the given ``dictionary`` based on the given ``key``.</doc>
<status status="PASS" start="2026-04-05T23:42:04.830509" elapsed="0.000000"/>
</kw>
<kw name="Should Not Be Empty" owner="BuiltIn">
<msg time="2026-04-05T23:42:04.831507" level="INFO">Length is 36.</msg>
<arg>${token}</arg>
<doc>Verifies that the given item is not empty.</doc>
<status status="PASS" start="2026-04-05T23:42:04.831507" elapsed="0.000000"/>
</kw>
<kw name="Should Be Equal" owner="BuiltIn">
<arg>${resp.json()["user"]["role"]}</arg>
<arg>student</arg>
<doc>Fails if the given objects are unequal.</doc>
<status status="PASS" start="2026-04-05T23:42:04.831507" elapsed="0.001002"/>
</kw>
<doc>UFR-1: A new student can register and receives a non-empty auth token.</doc>
<tag>auth</tag>
<tag>functional</tag>
<tag>positive</tag>
<tag>registration</tag>
<status status="PASS" start="2026-04-05T23:42:02.544288" elapsed="2.288221"/>
</test>
<test id="s1-s1-t2" name="TC-AUTH-002 Teacher Registration Returns Token" line="35">
<kw name="Generate Random String" owner="String">
<msg time="2026-04-05T23:42:04.834016" level="INFO">${uid} = 03888884</msg>
<var>${uid}</var>
<arg>8</arg>
<arg>[NUMBERS]</arg>
<doc>Generates a string with a desired ``length`` from the given ``chars``.</doc>
<status status="PASS" start="2026-04-05T23:42:04.834016" elapsed="0.000000"/>
</kw>
<kw name="Create Dictionary" owner="BuiltIn">
<msg time="2026-04-05T23:42:04.835026" level="INFO">${body} = {'username': 'teacher_03888884', 'password': 'TPass456', 'role': 'teacher', 'teacher_id': 'TTCH_03888884'}</msg>
<var>${body}</var>
<arg>username=teacher_${uid}</arg>
<arg>password=TPass456</arg>
<arg>role=teacher</arg>
<arg>teacher_id=TTCH_${uid}</arg>
<doc>Creates and returns a dictionary based on the given ``items``.</doc>
<status status="PASS" start="2026-04-05T23:42:04.834016" elapsed="0.001010"/>
</kw>
<kw name="POST On Session" owner="RequestsLibrary">
<msg time="2026-04-05T23:42:05.045366" level="INFO">POST Request : url=http://localhost:8000/api/auth/register 
 path_url=/api/auth/register 
 headers={'User-Agent': 'python-requests/2.31.0', 'Accept-Encoding': 'gzip, deflate', 'Accept': '*/*', 'Connection': 'keep-alive', 'Content-Length': '106', 'Content-Type': 'application/json'} 
 body=b'{"username": "teacher_03888884", "password": "TPass456", "role": "teacher", "teacher_id": "TTCH_03888884"}' 
 </msg>
<msg time="2026-04-05T23:42:05.045366" level="INFO">POST Response : url=http://localhost:8000/api/auth/register 
 status=200, reason=OK 
 headers={'date': 'Sun, 05 Apr 2026 16:42:03 GMT', 'server': 'uvicorn', 'content-length': '172', 'content-type': 'application/json'} 
 body={"user":{"id":"TTCH_03888884","username":"teacher_03888884","role":"teacher","email":null,"display_name":"teacher_03888884"},"token":"82de0b9a-387e-43d8-8866-1c0dc1108329"} 
 </msg>
<msg time="2026-04-05T23:42:05.045366" level="INFO">${resp} = &lt;Response [200]&gt;</msg>
<var>${resp}</var>
<arg>progcheck</arg>
<arg>/api/auth/register</arg>
<arg>json=${body}</arg>
<doc>Sends a POST request on a previously created HTTP Session.</doc>
<status status="PASS" start="2026-04-05T23:42:04.835026" elapsed="0.210340"/>
</kw>
<kw name="Status Should Be" owner="RequestsLibrary">
<arg>200</arg>
<arg>${resp}</arg>
<doc>Fails if response status code is different than the expected.</doc>
<status status="PASS" start="2026-04-05T23:42:05.046360" elapsed="0.000000"/>
</kw>
<kw name="Should Be Equal" owner="BuiltIn">
<arg>${resp.json()["user"]["role"]}</arg>
<arg>teacher</arg>
<doc>Fails if the given objects are unequal.</doc>
<status status="PASS" start="2026-04-05T23:42:05.046360" elapsed="0.001018"/>
</kw>
<doc>UFR-1: A new teacher can register and receives a valid token.</doc>
<tag>auth</tag>
<tag>functional</tag>
<tag>positive</tag>
<tag>registration</tag>
<status status="PASS" start="2026-04-05T23:42:04.832509" elapsed="0.214869"/>
</test>
<test id="s1-s1-t3" name="TC-AUTH-003 Duplicate Student Registration Rejected" line="46">
<kw name="Generate Random String" owner="String">
<msg time="2026-04-05T23:42:05.048378" level="INFO">${uid} = 83251783</msg>
<var>${uid}</var>
<arg>8</arg>
<arg>[NUMBERS]</arg>
<doc>Generates a string with a desired ``length`` from the given ``chars``.</doc>
<status status="PASS" start="2026-04-05T23:42:05.048378" elapsed="0.000000"/>
</kw>
<kw name="Create Dictionary" owner="BuiltIn">
<msg time="2026-04-05T23:42:05.048378" level="INFO">${body} = {'username': 'dup_83251783', 'password': 'Pass123', 'role': 'student', 'student_id': 'DUP_83251783'}</msg>
<var>${body}</var>
<arg>username=dup_${uid}</arg>
<arg>password=Pass123</arg>
<arg>role=student</arg>
<arg>student_id=DUP_${uid}</arg>
<doc>Creates and returns a dictionary based on the given ``items``.</doc>
<status status="PASS" start="2026-04-05T23:42:05.048378" elapsed="0.000000"/>
</kw>
<kw name="POST On Session" owner="RequestsLibrary">
<msg time="2026-04-05T23:42:05.257382" level="INFO">POST Request : url=http://localhost:8000/api/auth/register 
 path_url=/api/auth/register 
 headers={'User-Agent': 'python-requests/2.31.0', 'Accept-Encoding': 'gzip, deflate', 'Accept': '*/*', 'Connection': 'keep-alive', 'Content-Length': '100', 'Content-Type': 'application/json'} 
 body=b'{"username": "dup_83251783", "password": "Pass123", "role": "student", "student_id": "DUP_83251783"}' 
 </msg>
<msg time="2026-04-05T23:42:05.257382" level="INFO">POST Response : url=http://localhost:8000/api/auth/register 
 status=200, reason=OK 
 headers={'date': 'Sun, 05 Apr 2026 16:42:04 GMT', 'server': 'uvicorn', 'content-length': '163', 'content-type': 'application/json'} 
 body={"user":{"id":"DUP_83251783","username":"dup_83251783","role":"student","email":null,"display_name":"dup_83251783"},"token":"ae3d15b3-45e1-4162-86c9-4e72ab8a6469"} 
 </msg>
<arg>progcheck</arg>
<arg>/api/auth/register</arg>
<arg>json=${body}</arg>
<arg>expected_status=200</arg>
<doc>Sends a POST request on a previously created HTTP Session.</doc>
<status status="PASS" start="2026-04-05T23:42:05.049366" elapsed="0.209056"/>
</kw>
<kw name="POST On Session" owner="RequestsLibrary">
<msg time="2026-04-05T23:42:05.261399" level="INFO">POST Request : url=http://localhost:8000/api/auth/register 
 path_url=/api/auth/register 
 headers={'User-Agent': 'python-requests/2.31.0', 'Accept-Encoding': 'gzip, deflate', 'Accept': '*/*', 'Connection': 'keep-alive', 'Content-Length': '100', 'Content-Type': 'application/json'} 
 body=b'{"username": "dup_83251783", "password": "Pass123", "role": "student", "student_id": "DUP_83251783"}' 
 </msg>
<msg time="2026-04-05T23:42:05.261399" level="INFO">POST Response : url=http://localhost:8000/api/auth/register 
 status=409, reason=Conflict 
 headers={'date': 'Sun, 05 Apr 2026 16:42:04 GMT', 'server': 'uvicorn', 'content-length': '39', 'content-type': 'application/json'} 
 body={"detail":"Student already registered"} 
 </msg>
<msg time="2026-04-05T23:42:05.261399" level="INFO">${resp2} = &lt;Response [409]&gt;</msg>
<var>${resp2}</var>
<arg>progcheck</arg>
<arg>/api/auth/register</arg>
<arg>json=${body}</arg>
<arg>expected_status=any</arg>
<doc>Sends a POST request on a previously created HTTP Session.</doc>
<status status="PASS" start="2026-04-05T23:42:05.258422" elapsed="0.002977"/>
</kw>
<kw name="Should Be Equal As Integers" owner="BuiltIn">
<msg time="2026-04-05T23:42:05.262422" level="INFO">Argument types are:
&lt;class 'int'&gt;
&lt;class 'str'&gt;</msg>
<arg>${resp2.status_code}</arg>
<arg>409</arg>
<doc>Fails if objects are unequal after converting them to integers.</doc>
<status status="PASS" start="2026-04-05T23:42:05.261399" elapsed="0.001023"/>
</kw>
<doc>SFR-1: Registering the same student_id twice returns 409 Conflict.</doc>
<tag>auth</tag>
<tag>functional</tag>
<tag>negative</tag>
<tag>registration</tag>
<status status="PASS" start="2026-04-05T23:42:05.047378" elapsed="0.215044"/>
</test>
<test id="s1-s1-t4" name="TC-AUTH-004 Missing Student ID Rejected" line="58">
<kw name="Create Dictionary" owner="BuiltIn">
<msg time="2026-04-05T23:42:05.263937" level="INFO">${body} = {'username': 'noid', 'password': 'pass', 'role': 'student'}</msg>
<var>${body}</var>
<arg>username=noid</arg>
<arg>password=pass</arg>
<arg>role=student</arg>
<doc>Creates and returns a dictionary based on the given ``items``.</doc>
<status status="PASS" start="2026-04-05T23:42:05.262422" elapsed="0.001515"/>
</kw>
<kw name="POST On Session" owner="RequestsLibrary">
<msg time="2026-04-05T23:42:05.265944" level="INFO">POST Request : url=http://localhost:8000/api/auth/register 
 path_url=/api/auth/register 
 headers={'User-Agent': 'python-requests/2.31.0', 'Accept-Encoding': 'gzip, deflate', 'Accept': '*/*', 'Connection': 'keep-alive', 'Content-Length': '59', 'Content-Type': 'application/json'} 
 body=b'{"username": "noid", "password": "pass", "role": "student"}' 
 </msg>
<msg time="2026-04-05T23:42:05.265944" level="INFO">POST Response : url=http://localhost:8000/api/auth/register 
 status=400, reason=Bad Request 
 headers={'date': 'Sun, 05 Apr 2026 16:42:04 GMT', 'server': 'uvicorn', 'content-length': '57', 'content-type': 'application/json'} 
 body={"detail":"student_id required for student registration"} 
 </msg>
<msg time="2026-04-05T23:42:05.266942" level="INFO">${resp} = &lt;Response [400]&gt;</msg>
<var>${resp}</var>
<arg>progcheck</arg>
<arg>/api/auth/register</arg>
<arg>json=${body}</arg>
<arg>expected_status=any</arg>
<doc>Sends a POST request on a previously created HTTP Session.</doc>
<status status="PASS" start="2026-04-05T23:42:05.263937" elapsed="0.003005"/>
</kw>
<kw name="Should Be Equal As Integers" owner="BuiltIn">
<msg time="2026-04-05T23:42:05.266942" level="INFO">Argument types are:
&lt;class 'int'&gt;
&lt;class 'str'&gt;</msg>
<arg>${resp.status_code}</arg>
<arg>400</arg>
<doc>Fails if objects are unequal after converting them to integers.</doc>
<status status="PASS" start="2026-04-05T23:42:05.266942" elapsed="0.000000"/>
</kw>
<doc>SFR-1: student_id is mandatory; omitting it returns 400.</doc>
<tag>auth</tag>
<tag>functional</tag>
<tag>negative</tag>
<tag>registration</tag>
<status status="PASS" start="2026-04-05T23:42:05.262422" elapsed="0.005520"/>
</test>
<test id="s1-s1-t5" name="TC-AUTH-005 Invalid Role Rejected" line="67">
<kw name="Create Dictionary" owner="BuiltIn">
<msg time="2026-04-05T23:42:05.268942" level="INFO">${body} = {'username': 'hacker', 'password': 'pw', 'role': 'admin'}</msg>
<var>${body}</var>
<arg>username=hacker</arg>
<arg>password=pw</arg>
<arg>role=admin</arg>
<doc>Creates and returns a dictionary based on the given ``items``.</doc>
<status status="PASS" start="2026-04-05T23:42:05.267942" elapsed="0.001000"/>
</kw>
<kw name="POST On Session" owner="RequestsLibrary">
<msg time="2026-04-05T23:42:05.271943" level="INFO">POST Request : url=http://localhost:8000/api/auth/register 
 path_url=/api/auth/register 
 headers={'User-Agent': 'python-requests/2.31.0', 'Accept-Encoding': 'gzip, deflate', 'Accept': '*/*', 'Connection': 'keep-alive', 'Content-Length': '57', 'Content-Type': 'application/json'} 
 body=b'{"username": "hacker", "password": "pw", "role": "admin"}' 
 </msg>
<msg time="2026-04-05T23:42:05.271943" level="INFO">POST Response : url=http://localhost:8000/api/auth/register 
 status=400, reason=Bad Request 
 headers={'date': 'Sun, 05 Apr 2026 16:42:04 GMT', 'server': 'uvicorn', 'content-length': '48', 'content-type': 'application/json'} 
 body={"detail":"role must be 'student' or 'teacher'"} 
 </msg>
<msg time="2026-04-05T23:42:05.271943" level="INFO">${resp} = &lt;Response [400]&gt;</msg>
<var>${resp}</var>
<arg>progcheck</arg>
<arg>/api/auth/register</arg>
<arg>json=${body}</arg>
<arg>expected_status=any</arg>
<doc>Sends a POST request on a previously created HTTP Session.</doc>
<status status="PASS" start="2026-04-05T23:42:05.268942" elapsed="0.003001"/>
</kw>
<kw name="Should Be True" owner="BuiltIn">
<arg>${resp.status_code} &gt;= 400</arg>
<doc>Fails if the given condition is not true.</doc>
<status status="PASS" start="2026-04-05T23:42:05.272943" elapsed="0.000999"/>
</kw>
<doc>SFR-2, SNFR-4: Roles other than student/teacher are rejected.</doc>
<tag>auth</tag>
<tag>functional</tag>
<tag>negative</tag>
<tag>registration</tag>
<tag>security</tag>
<status status="PASS" start="2026-04-05T23:42:05.267942" elapsed="0.006506"/>
</test>
<test id="s1-s1-t6" name="TC-AUTH-006 Response Does Not Expose Password Hash" line="76">
<kw name="Generate Random String" owner="String">
<msg time="2026-04-05T23:42:05.275450" level="INFO">${uid} = 16264883</msg>
<var>${uid}</var>
<arg>8</arg>
<arg>[NUMBERS]</arg>
<doc>Generates a string with a desired ``length`` from the given ``chars``.</doc>
<status status="PASS" start="2026-04-05T23:42:05.275450" elapsed="0.000000"/>
</kw>
<kw name="Create Dictionary" owner="BuiltIn">
<msg time="2026-04-05T23:42:05.276449" level="INFO">${body} = {'username': 'sec_16264883', 'password': 'mysecret', 'role': 'student', 'student_id': 'SEC_16264883'}</msg>
<var>${body}</var>
<arg>username=sec_${uid}</arg>
<arg>password=mysecret</arg>
<arg>role=student</arg>
<arg>student_id=SEC_${uid}</arg>
<doc>Creates and returns a dictionary based on the given ``items``.</doc>
<status status="PASS" start="2026-04-05T23:42:05.276449" elapsed="0.000000"/>
</kw>
<kw name="POST On Session" owner="RequestsLibrary">
<msg time="2026-04-05T23:42:05.496641" level="INFO">POST Request : url=http://localhost:8000/api/auth/register 
 path_url=/api/auth/register 
 headers={'User-Agent': 'python-requests/2.31.0', 'Accept-Encoding': 'gzip, deflate', 'Accept': '*/*', 'Connection': 'keep-alive', 'Content-Length': '101', 'Content-Type': 'application/json'} 
 body=b'{"username": "sec_16264883", "password": "mysecret", "role": "student", "student_id": "SEC_16264883"}' 
 </msg>
<msg time="2026-04-05T23:42:05.496641" level="INFO">POST Response : url=http://localhost:8000/api/auth/register 
 status=200, reason=OK 
 headers={'date': 'Sun, 05 Apr 2026 16:42:04 GMT', 'server': 'uvicorn', 'content-length': '163', 'content-type': 'application/json'} 
 body={"user":{"id":"SEC_16264883","username":"sec_16264883","role":"student","email":null,"display_name":"sec_16264883"},"token":"f2bce3aa-ebe8-4fef-8acf-fe138099fe32"} 
 </msg>
<msg time="2026-04-05T23:42:05.496641" level="INFO">${resp} = &lt;Response [200]&gt;</msg>
<var>${resp}</var>
<arg>progcheck</arg>
<arg>/api/auth/register</arg>
<arg>json=${body}</arg>
<arg>expected_status=200</arg>
<doc>Sends a POST request on a previously created HTTP Session.</doc>
<status status="PASS" start="2026-04-05T23:42:05.276449" elapsed="0.220192"/>
</kw>
<kw name="Should Not Contain" owner="BuiltIn">
<arg>${resp.text}</arg>
<arg>mysecret</arg>
<doc>Fails if ``container`` contains ``item`` one or more times.</doc>
<status status="PASS" start="2026-04-05T23:42:05.497653" elapsed="0.000000"/>
</kw>
<kw name="Should Not Contain" owner="BuiltIn">
<arg>${resp.text}</arg>
<arg>$2b$</arg>
<doc>Fails if ``container`` contains ``item`` one or more times.</doc>
<status status="PASS" start="2026-04-05T23:42:05.498654" elapsed="0.000000"/>
</kw>
<doc>SNFR-11: bcrypt hash must not appear in the registration response.</doc>
<tag>auth</tag>
<tag>functional</tag>
<tag>security</tag>
<status status="PASS" start="2026-04-05T23:42:05.274448" elapsed="0.224206"/>
</test>
<test id="s1-s1-t7" name="TC-AUTH-007 Student Login With Valid Credentials" line="91">
<kw name="Generate Random String" owner="String">
<msg time="2026-04-05T23:42:05.499635" level="INFO">${uid} = 54905950</msg>
<var>${uid}</var>
<arg>8</arg>
<arg>[NUMBERS]</arg>
<doc>Generates a string with a desired ``length`` from the given ``chars``.</doc>
<status status="PASS" start="2026-04-05T23:42:05.499635" elapsed="0.000000"/>
</kw>
<kw name="Set Variable" owner="BuiltIn">
<msg time="2026-04-05T23:42:05.500641" level="INFO">${name} = stu_54905950</msg>
<var>${name}</var>
<arg>stu_${uid}</arg>
<doc>Returns the given values which can then be assigned to a variables.</doc>
<status status="PASS" start="2026-04-05T23:42:05.500641" elapsed="0.000000"/>
</kw>
<kw name="Create Dictionary" owner="BuiltIn">
<msg time="2026-04-05T23:42:05.500641" level="INFO">${body} = {'username': 'stu_54905950', 'password': 'Pass123', 'role': 'student', 'student_id': 'LOG_54905950'}</msg>
<var>${body}</var>
<arg>username=${name}</arg>
<arg>password=Pass123</arg>
<arg>role=student</arg>
<arg>student_id=LOG_${uid}</arg>
<doc>Creates and returns a dictionary based on the given ``items``.</doc>
<status status="PASS" start="2026-04-05T23:42:05.500641" elapsed="0.000000"/>
</kw>
<kw name="POST On Session" owner="RequestsLibrary">
<msg time="2026-04-05T23:42:05.709664" level="INFO">POST Request : url=http://localhost:8000/api/auth/register 
 path_url=/api/auth/register 
 headers={'User-Agent': 'python-requests/2.31.0', 'Accept-Encoding': 'gzip, deflate', 'Accept': '*/*', 'Connection': 'keep-alive', 'Content-Length': '100', 'Content-Type': 'application/json'} 
 body=b'{"username": "stu_54905950", "password": "Pass123", "role": "student", "student_id": "LOG_54905950"}' 
 </msg>
<msg time="2026-04-05T23:42:05.709664" level="INFO">POST Response : url=http://localhost:8000/api/auth/register 
 status=200, reason=OK 
 headers={'date': 'Sun, 05 Apr 2026 16:42:04 GMT', 'server': 'uvicorn', 'content-length': '163', 'content-type': 'application/json'} 
 body={"user":{"id":"LOG_54905950","username":"stu_54905950","role":"student","email":null,"display_name":"stu_54905950"},"token":"408ebc07-ed74-4099-bfe8-4fd27e8321d7"} 
 </msg>
<arg>progcheck</arg>
<arg>/api/auth/register</arg>
<arg>json=${body}</arg>
<arg>expected_status=200</arg>
<doc>Sends a POST request on a previously created HTTP Session.</doc>
<status status="PASS" start="2026-04-05T23:42:05.501652" elapsed="0.208012"/>
</kw>
<kw name="Create Dictionary" owner="BuiltIn">
<msg time="2026-04-05T23:42:05.710653" level="INFO">${login} = {'username': 'stu_54905950', 'password': 'Pass123'}</msg>
<var>${login}</var>
<arg>username=${name}</arg>
<arg>password=Pass123</arg>
<doc>Creates and returns a dictionary based on the given ``items``.</doc>
<status status="PASS" start="2026-04-05T23:42:05.709664" elapsed="0.000989"/>
</kw>
<kw name="POST On Session" owner="RequestsLibrary">
<msg time="2026-04-05T23:42:05.920851" level="INFO">POST Request : url=http://localhost:8000/api/auth/login/student 
 path_url=/api/auth/login/student 
 headers={'User-Agent': 'python-requests/2.31.0', 'Accept-Encoding': 'gzip, deflate', 'Accept': '*/*', 'Connection': 'keep-alive', 'Content-Length': '51', 'Content-Type': 'application/json'} 
 body=b'{"username": "stu_54905950", "password": "Pass123"}' 
 </msg>
<msg time="2026-04-05T23:42:05.920851" level="INFO">POST Response : url=http://localhost:8000/api/auth/login/student 
 status=200, reason=OK 
 headers={'date': 'Sun, 05 Apr 2026 16:42:04 GMT', 'server': 'uvicorn', 'content-length': '163', 'content-type': 'application/json'} 
 body={"user":{"id":"LOG_54905950","username":"stu_54905950","role":"student","email":null,"display_name":"stu_54905950"},"token":"166be84a-dfc2-47e1-a844-168215a5472c"} 
 </msg>
<msg time="2026-04-05T23:42:05.920851" level="INFO">${resp} = &lt;Response [200]&gt;</msg>
<var>${resp}</var>
<arg>progcheck</arg>
<arg>/api/auth/login/student</arg>
<arg>json=${login}</arg>
<arg>expected_status=200</arg>
<doc>Sends a POST request on a previously created HTTP Session.</doc>
<status status="PASS" start="2026-04-05T23:42:05.710653" elapsed="0.210198"/>
</kw>
<kw name="Dictionary Should Contain Key" owner="Collections">
<arg>${resp.json()}</arg>
<arg>token</arg>
<doc>Fails if ``key`` is not found from ``dictionary``.</doc>
<status status="PASS" start="2026-04-05T23:42:05.920851" elapsed="0.001000"/>
</kw>
<doc>UFR-1: registered student can log in and receives a token.</doc>
<tag>auth</tag>
<tag>functional</tag>
<tag>login</tag>
<tag>positive</tag>
<status status="PASS" start="2026-04-05T23:42:05.499635" elapsed="0.422216"/>
</test>
<test id="s1-s1-t8" name="TC-AUTH-008 Login With Wrong Password Returns 401" line="105">
<kw name="Generate Random String" owner="String">
<msg time="2026-04-05T23:42:05.922840" level="INFO">${uid} = 41010242</msg>
<var>${uid}</var>
<arg>8</arg>
<arg>[NUMBERS]</arg>
<doc>Generates a string with a desired ``length`` from the given ``chars``.</doc>
<status status="PASS" start="2026-04-05T23:42:05.922840" elapsed="0.000000"/>
</kw>
<kw name="Set Variable" owner="BuiltIn">
<msg time="2026-04-05T23:42:05.922840" level="INFO">${name} = wrongpw_41010242</msg>
<var>${name}</var>
<arg>wrongpw_${uid}</arg>
<doc>Returns the given values which can then be assigned to a variables.</doc>
<status status="PASS" start="2026-04-05T23:42:05.922840" elapsed="0.000000"/>
</kw>
<kw name="Create Dictionary" owner="BuiltIn">
<msg time="2026-04-05T23:42:05.922840" level="INFO">${body} = {'username': 'wrongpw_41010242', 'password': 'correctpw', 'role': 'student', 'student_id': 'WPWT_41010242'}</msg>
<var>${body}</var>
<arg>username=${name}</arg>
<arg>password=correctpw</arg>
<arg>role=student</arg>
<arg>student_id=WPWT_${uid}</arg>
<doc>Creates and returns a dictionary based on the given ``items``.</doc>
<status status="PASS" start="2026-04-05T23:42:05.922840" elapsed="0.000000"/>
</kw>
<kw name="POST On Session" owner="RequestsLibrary">
<msg time="2026-04-05T23:42:06.136433" level="INFO">POST Request : url=http://localhost:8000/api/auth/register 
 path_url=/api/auth/register 
 headers={'User-Agent': 'python-requests/2.31.0', 'Accept-Encoding': 'gzip, deflate', 'Accept': '*/*', 'Connection': 'keep-alive', 'Content-Length': '107', 'Content-Type': 'application/json'} 
 body=b'{"username": "wrongpw_41010242", "password": "correctpw", "role": "student", "student_id": "WPWT_41010242"}' 
 </msg>
<msg time="2026-04-05T23:42:06.136433" level="INFO">POST Response : url=http://localhost:8000/api/auth/register 
 status=200, reason=OK 
 headers={'date': 'Sun, 05 Apr 2026 16:42:04 GMT', 'server': 'uvicorn', 'content-length': '172', 'content-type': 'application/json'} 
 body={"user":{"id":"WPWT_41010242","username":"wrongpw_41010242","role":"student","email":null,"display_name":"wrongpw_41010242"},"token":"7b350562-1524-431d-b423-1da6869116f8"} 
 </msg>
<arg>progcheck</arg>
<arg>/api/auth/register</arg>
<arg>json=${body}</arg>
<arg>expected_status=200</arg>
<doc>Sends a POST request on a previously created HTTP Session.</doc>
<status status="PASS" start="2026-04-05T23:42:05.922840" elapsed="0.214602"/>
</kw>
<kw name="Create Dictionary" owner="BuiltIn">
<msg time="2026-04-05T23:42:06.137442" level="INFO">${login} = {'username': 'wrongpw_41010242', 'password': 'wrongpw'}</msg>
<var>${login}</var>
<arg>username=${name}</arg>
<arg>password=wrongpw</arg>
<doc>Creates and returns a dictionary based on the given ``items``.</doc>
<status status="PASS" start="2026-04-05T23:42:06.137442" elapsed="0.000000"/>
</kw>
<kw name="POST On Session" owner="RequestsLibrary">
<msg time="2026-04-05T23:42:06.343062" level="INFO">POST Request : url=http://localhost:8000/api/auth/login/student 
 path_url=/api/auth/login/student 
 headers={'User-Agent': 'python-requests/2.31.0', 'Accept-Encoding': 'gzip, deflate', 'Accept': '*/*', 'Connection': 'keep-alive', 'Content-Length': '55', 'Content-Type': 'application/json'} 
 body=b'{"username": "wrongpw_41010242", "password": "wrongpw"}' 
 </msg>
<msg time="2026-04-05T23:42:06.344065" level="INFO">POST Response : url=http://localhost:8000/api/auth/login/student 
 status=401, reason=Unauthorized 
 headers={'date': 'Sun, 05 Apr 2026 16:42:06 GMT', 'server': 'uvicorn', 'content-length': '41', 'content-type': 'application/json'} 
 body={"detail":"Invalid username or password"} 
 </msg>
<msg time="2026-04-05T23:42:06.344065" level="INFO">${resp} = &lt;Response [401]&gt;</msg>
<var>${resp}</var>
<arg>progcheck</arg>
<arg>/api/auth/login/student</arg>
<arg>json=${login}</arg>
<arg>expected_status=any</arg>
<doc>Sends a POST request on a previously created HTTP Session.</doc>
<status status="PASS" start="2026-04-05T23:42:06.138192" elapsed="0.205873"/>
</kw>
<kw name="Should Be Equal As Integers" owner="BuiltIn">
<msg time="2026-04-05T23:42:06.345113" level="INFO">Argument types are:
&lt;class 'int'&gt;
&lt;class 'str'&gt;</msg>
<arg>${resp.status_code}</arg>
<arg>401</arg>
<doc>Fails if objects are unequal after converting them to integers.</doc>
<status status="PASS" start="2026-04-05T23:42:06.344065" elapsed="0.001048"/>
</kw>
<doc>UFR-1: incorrect password must be rejected with 401.</doc>
<tag>auth</tag>
<tag>functional</tag>
<tag>login</tag>
<tag>negative</tag>
<status status="PASS" start="2026-04-05T23:42:05.921851" elapsed="0.423262"/>
</test>
<test id="s1-s1-t9" name="TC-AUTH-009 Student Cannot Login On Teacher Endpoint" line="119">
<kw name="Generate Random String" owner="String">
<msg time="2026-04-05T23:42:06.345915" level="INFO">${uid} = 56323467</msg>
<var>${uid}</var>
<arg>8</arg>
<arg>[NUMBERS]</arg>
<doc>Generates a string with a desired ``length`` from the given ``chars``.</doc>
<status status="PASS" start="2026-04-05T23:42:06.345915" elapsed="0.000000"/>
</kw>
<kw name="Set Variable" owner="BuiltIn">
<msg time="2026-04-05T23:42:06.346932" level="INFO">${name} = cross_56323467</msg>
<var>${name}</var>
<arg>cross_${uid}</arg>
<doc>Returns the given values which can then be assigned to a variables.</doc>
<status status="PASS" start="2026-04-05T23:42:06.346932" elapsed="0.000000"/>
</kw>
<kw name="Create Dictionary" owner="BuiltIn">
<msg time="2026-04-05T23:42:06.346932" level="INFO">${body} = {'username': 'cross_56323467', 'password': 'Pass123', 'role': 'student', 'student_id': 'CRSS_56323467'}</msg>
<var>${body}</var>
<arg>username=${name}</arg>
<arg>password=Pass123</arg>
<arg>role=student</arg>
<arg>student_id=CRSS_${uid}</arg>
<doc>Creates and returns a dictionary based on the given ``items``.</doc>
<status status="PASS" start="2026-04-05T23:42:06.346932" elapsed="0.000000"/>
</kw>
<kw name="POST On Session" owner="RequestsLibrary">
<msg time="2026-04-05T23:42:06.558504" level="INFO">POST Request : url=http://localhost:8000/api/auth/register 
 path_url=/api/auth/register 
 headers={'User-Agent': 'python-requests/2.31.0', 'Accept-Encoding': 'gzip, deflate', 'Accept': '*/*', 'Connection': 'keep-alive', 'Content-Length': '103', 'Content-Type': 'application/json'} 
 body=b'{"username": "cross_56323467", "password": "Pass123", "role": "student", "student_id": "CRSS_56323467"}' 
 </msg>
<msg time="2026-04-05T23:42:06.558504" level="INFO">POST Response : url=http://localhost:8000/api/auth/register 
 status=200, reason=OK 
 headers={'date': 'Sun, 05 Apr 2026 16:42:06 GMT', 'server': 'uvicorn', 'content-length': '168', 'content-type': 'application/json'} 
 body={"user":{"id":"CRSS_56323467","username":"cross_56323467","role":"student","email":null,"display_name":"cross_56323467"},"token":"8a8b563f-6e33-421c-accf-89a94f024f78"} 
 </msg>
<arg>progcheck</arg>
<arg>/api/auth/register</arg>
<arg>json=${body}</arg>
<arg>expected_status=200</arg>
<doc>Sends a POST request on a previously created HTTP Session.</doc>
<status status="PASS" start="2026-04-05T23:42:06.347930" elapsed="0.210574"/>
</kw>
<kw name="Create Dictionary" owner="BuiltIn">
<msg time="2026-04-05T23:42:06.558504" level="INFO">${login} = {'username': 'cross_56323467', 'password': 'Pass123'}</msg>
<var>${login}</var>
<arg>username=${name}</arg>
<arg>password=Pass123</arg>
<doc>Creates and returns a dictionary based on the given ``items``.</doc>
<status status="PASS" start="2026-04-05T23:42:06.558504" elapsed="0.000000"/>
</kw>
<kw name="POST On Session" owner="RequestsLibrary">
<msg time="2026-04-05T23:42:06.562503" level="INFO">POST Request : url=http://localhost:8000/api/auth/login/teacher 
 path_url=/api/auth/login/teacher 
 headers={'User-Agent': 'python-requests/2.31.0', 'Accept-Encoding': 'gzip, deflate', 'Accept': '*/*', 'Connection': 'keep-alive', 'Content-Length': '53', 'Content-Type': 'application/json'} 
 body=b'{"username": "cross_56323467", "password": "Pass123"}' 
 </msg>
<msg time="2026-04-05T23:42:06.562503" level="INFO">POST Response : url=http://localhost:8000/api/auth/login/teacher 
 status=401, reason=Unauthorized 
 headers={'date': 'Sun, 05 Apr 2026 16:42:06 GMT', 'server': 'uvicorn', 'content-length': '41', 'content-type': 'application/json'} 
 body={"detail":"Invalid username or password"} 
 </msg>
<msg time="2026-04-05T23:42:06.562503" level="INFO">${resp} = &lt;Response [401]&gt;</msg>
<var>${resp}</var>
<arg>progcheck</arg>
<arg>/api/auth/login/teacher</arg>
<arg>json=${login}</arg>
<arg>expected_status=any</arg>
<doc>Sends a POST request on a previously created HTTP Session.</doc>
<status status="PASS" start="2026-04-05T23:42:06.559517" elapsed="0.002986"/>
</kw>
<kw name="Should Be Equal As Integers" owner="BuiltIn">
<msg time="2026-04-05T23:42:06.564028" level="INFO">Argument types are:
&lt;class 'int'&gt;
&lt;class 'str'&gt;</msg>
<arg>${resp.status_code}</arg>
<arg>401</arg>
<doc>Fails if objects are unequal after converting them to integers.</doc>
<status status="PASS" start="2026-04-05T23:42:06.562503" elapsed="0.001525"/>
</kw>
<doc>SFR-2: student credentials must fail on the teacher login endpoint.</doc>
<tag>auth</tag>
<tag>functional</tag>
<tag>login</tag>
<tag>negative</tag>
<tag>role</tag>
<status status="PASS" start="2026-04-05T23:42:06.345915" elapsed="0.218113"/>
</test>
<test id="s1-s1-t10" name="TC-AUTH-010 Login Response Structure Is Correct" line="133">
<kw name="Generate Random String" owner="String">
<msg time="2026-04-05T23:42:06.566051" level="INFO">${uid} = 30808807</msg>
<var>${uid}</var>
<arg>8</arg>
<arg>[NUMBERS]</arg>
<doc>Generates a string with a desired ``length`` from the given ``chars``.</doc>
<status status="PASS" start="2026-04-05T23:42:06.566051" elapsed="0.000000"/>
</kw>
<kw name="Set Variable" owner="BuiltIn">
<msg time="2026-04-05T23:42:06.567040" level="INFO">${name} = struct_30808807</msg>
<var>${name}</var>
<arg>struct_${uid}</arg>
<doc>Returns the given values which can then be assigned to a variables.</doc>
<status status="PASS" start="2026-04-05T23:42:06.566051" elapsed="0.000989"/>
</kw>
<kw name="Create Dictionary" owner="BuiltIn">
<msg time="2026-04-05T23:42:06.567040" level="INFO">${body} = {'username': 'struct_30808807', 'password': 'Pass123', 'role': 'student', 'student_id': 'STCT_30808807'}</msg>
<var>${body}</var>
<arg>username=${name}</arg>
<arg>password=Pass123</arg>
<arg>role=student</arg>
<arg>student_id=STCT_${uid}</arg>
<doc>Creates and returns a dictionary based on the given ``items``.</doc>
<status status="PASS" start="2026-04-05T23:42:06.567040" elapsed="0.000000"/>
</kw>
<kw name="POST On Session" owner="RequestsLibrary">
<msg time="2026-04-05T23:42:06.777388" level="INFO">POST Request : url=http://localhost:8000/api/auth/register 
 path_url=/api/auth/register 
 headers={'User-Agent': 'python-requests/2.31.0', 'Accept-Encoding': 'gzip, deflate', 'Accept': '*/*', 'Connection': 'keep-alive', 'Content-Length': '104', 'Content-Type': 'application/json'} 
 body=b'{"username": "struct_30808807", "password": "Pass123", "role": "student", "student_id": "STCT_30808807"}' 
 </msg>
<msg time="2026-04-05T23:42:06.777388" level="INFO">POST Response : url=http://localhost:8000/api/auth/register 
 status=200, reason=OK 
 headers={'date': 'Sun, 05 Apr 2026 16:42:06 GMT', 'server': 'uvicorn', 'content-length': '170', 'content-type': 'application/json'} 
 body={"user":{"id":"STCT_30808807","username":"struct_30808807","role":"student","email":null,"display_name":"struct_30808807"},"token":"37422d93-76c0-48da-9362-80fdb76121dd"} 
 </msg>
<arg>progcheck</arg>
<arg>/api/auth/register</arg>
<arg>json=${body}</arg>
<arg>expected_status=200</arg>
<doc>Sends a POST request on a previously created HTTP Session.</doc>
<status status="PASS" start="2026-04-05T23:42:06.568036" elapsed="0.209352"/>
</kw>
<kw name="Create Dictionary" owner="BuiltIn">
<msg time="2026-04-05T23:42:06.778385" level="INFO">${login} = {'username': 'struct_30808807', 'password': 'Pass123'}</msg>
<var>${login}</var>
<arg>username=${name}</arg>
<arg>password=Pass123</arg>
<doc>Creates and returns a dictionary based on the given ``items``.</doc>
<status status="PASS" start="2026-04-05T23:42:06.778385" elapsed="0.000000"/>
</kw>
<kw name="POST On Session" owner="RequestsLibrary">
<msg time="2026-04-05T23:42:06.985821" level="INFO">POST Request : url=http://localhost:8000/api/auth/login/student 
 path_url=/api/auth/login/student 
 headers={'User-Agent': 'python-requests/2.31.0', 'Accept-Encoding': 'gzip, deflate', 'Accept': '*/*', 'Connection': 'keep-alive', 'Content-Length': '54', 'Content-Type': 'application/json'} 
 body=b'{"username": "struct_30808807", "password": "Pass123"}' 
 </msg>
<msg time="2026-04-05T23:42:06.985821" level="INFO">POST Response : url=http://localhost:8000/api/auth/login/student 
 status=200, reason=OK 
 headers={'date': 'Sun, 05 Apr 2026 16:42:06 GMT', 'server': 'uvicorn', 'content-length': '170', 'content-type': 'application/json'} 
 body={"user":{"id":"STCT_30808807","username":"struct_30808807","role":"student","email":null,"display_name":"struct_30808807"},"token":"08f99428-976d-4190-a716-4bbc3f3b44e5"} 
 </msg>
<msg time="2026-04-05T23:42:06.985821" level="INFO">${resp} = &lt;Response [200]&gt;</msg>
<var>${resp}</var>
<arg>progcheck</arg>
<arg>/api/auth/login/student</arg>
<arg>json=${login}</arg>
<arg>expected_status=200</arg>
<doc>Sends a POST request on a previously created HTTP Session.</doc>
<status status="PASS" start="2026-04-05T23:42:06.779386" elapsed="0.206435"/>
</kw>
<kw name="Set Variable" owner="BuiltIn">
<msg time="2026-04-05T23:42:06.985821" level="INFO">${j} = {'user': {'id': 'STCT_30808807', 'username': 'struct_30808807', 'role': 'student', 'email': None, 'display_name': 'struct_30808807'}, 'token': '08f99428-976d-4190-a716-4bbc3f3b44e5'}</msg>
<var>${j}</var>
<arg>${resp.json()}</arg>
<doc>Returns the given values which can then be assigned to a variables.</doc>
<status status="PASS" start="2026-04-05T23:42:06.985821" elapsed="0.000000"/>
</kw>
<kw name="Dictionary Should Contain Key" owner="Collections">
<arg>${j}</arg>
<arg>token</arg>
<doc>Fails if ``key`` is not found from ``dictionary``.</doc>
<status status="PASS" start="2026-04-05T23:42:06.987337" elapsed="0.000000"/>
</kw>
<kw name="Dictionary Should Contain Key" owner="Collections">
<arg>${j}</arg>
<arg>user</arg>
<doc>Fails if ``key`` is not found from ``dictionary``.</doc>
<status status="PASS" start="2026-04-05T23:42:06.987709" elapsed="0.000000"/>
</kw>
<kw name="Dictionary Should Contain Key" owner="Collections">
<arg>${j["user"]}</arg>
<arg>id</arg>
<doc>Fails if ``key`` is not found from ``dictionary``.</doc>
<status status="PASS" start="2026-04-05T23:42:06.988040" elapsed="0.000000"/>
</kw>
<kw name="Dictionary Should Contain Key" owner="Collections">
<arg>${j["user"]}</arg>
<arg>username</arg>
<doc>Fails if ``key`` is not found from ``dictionary``.</doc>
<status status="PASS" start="2026-04-05T23:42:06.988040" elapsed="0.001027"/>
</kw>
<kw name="Dictionary Should Contain Key" owner="Collections">
<arg>${j["user"]}</arg>
<arg>role</arg>
<doc>Fails if ``key`` is not found from ``dictionary``.</doc>
<status status="PASS" start="2026-04-05T23:42:06.989067" elapsed="0.000000"/>
</kw>
<doc>SFR-1: login response must include user.id, user.username, user.role, token.</doc>
<tag>auth</tag>
<tag>contract</tag>
<tag>functional</tag>
<tag>login</tag>
<status status="PASS" start="2026-04-05T23:42:06.565038" elapsed="0.424029"/>
</test>
<test id="s1-s1-t11" name="TC-AUTH-011 Login Responds Within 5 Seconds" line="156">
<kw name="Generate Random String" owner="String">
<msg time="2026-04-05T23:42:06.990047" level="INFO">${uid} = 76686879</msg>
<var>${uid}</var>
<arg>8</arg>
<arg>[NUMBERS]</arg>
<doc>Generates a string with a desired ``length`` from the given ``chars``.</doc>
<status status="PASS" start="2026-04-05T23:42:06.990047" elapsed="0.001003"/>
</kw>
<kw name="Set Variable" owner="BuiltIn">
<msg time="2026-04-05T23:42:06.991050" level="INFO">${name} = perf_76686879</msg>
<var>${name}</var>
<arg>perf_${uid}</arg>
<doc>Returns the given values which can then be assigned to a variables.</doc>
<status status="PASS" start="2026-04-05T23:42:06.991050" elapsed="0.000000"/>
</kw>
<kw name="Create Dictionary" owner="BuiltIn">
<msg time="2026-04-05T23:42:06.992048" level="INFO">${body} = {'username': 'perf_76686879', 'password': 'Pass123', 'role': 'student', 'student_id': 'PERF_76686879'}</msg>
<var>${body}</var>
<arg>username=${name}</arg>
<arg>password=Pass123</arg>
<arg>role=student</arg>
<arg>student_id=PERF_${uid}</arg>
<doc>Creates and returns a dictionary based on the given ``items``.</doc>
<status status="PASS" start="2026-04-05T23:42:06.992048" elapsed="0.000000"/>
</kw>
<kw name="POST On Session" owner="RequestsLibrary">
<msg time="2026-04-05T23:42:07.200945" level="INFO">POST Request : url=http://localhost:8000/api/auth/register 
 path_url=/api/auth/register 
 headers={'User-Agent': 'python-requests/2.31.0', 'Accept-Encoding': 'gzip, deflate', 'Accept': '*/*', 'Connection': 'keep-alive', 'Content-Length': '102', 'Content-Type': 'application/json'} 
 body=b'{"username": "perf_76686879", "password": "Pass123", "role": "student", "student_id": "PERF_76686879"}' 
 </msg>
<msg time="2026-04-05T23:42:07.200945" level="INFO">POST Response : url=http://localhost:8000/api/auth/register 
 status=200, reason=OK 
 headers={'date': 'Sun, 05 Apr 2026 16:42:06 GMT', 'server': 'uvicorn', 'content-length': '166', 'content-type': 'application/json'} 
 body={"user":{"id":"PERF_76686879","username":"perf_76686879","role":"student","email":null,"display_name":"perf_76686879"},"token":"86f57a41-1a57-4828-8eb6-02ad624b0aef"} 
 </msg>
<arg>progcheck</arg>
<arg>/api/auth/register</arg>
<arg>json=${body}</arg>
<arg>expected_status=200</arg>
<doc>Sends a POST request on a previously created HTTP Session.</doc>
<status status="PASS" start="2026-04-05T23:42:06.992048" elapsed="0.208897"/>
</kw>
<kw name="Create Dictionary" owner="BuiltIn">
<msg time="2026-04-05T23:42:07.201946" level="INFO">${login} = {'username': 'perf_76686879', 'password': 'Pass123'}</msg>
<var>${login}</var>
<arg>username=${name}</arg>
<arg>password=Pass123</arg>
<doc>Creates and returns a dictionary based on the given ``items``.</doc>
<status status="PASS" start="2026-04-05T23:42:07.201946" elapsed="0.000000"/>
</kw>
<kw name="POST On Session" owner="RequestsLibrary">
<msg time="2026-04-05T23:42:07.410986" level="INFO">POST Request : url=http://localhost:8000/api/auth/login/student 
 path_url=/api/auth/login/student 
 headers={'User-Agent': 'python-requests/2.31.0', 'Accept-Encoding': 'gzip, deflate', 'Accept': '*/*', 'Connection': 'keep-alive', 'Content-Length': '52', 'Content-Type': 'application/json'} 
 body=b'{"username": "perf_76686879", "password": "Pass123"}' 
 </msg>
<msg time="2026-04-05T23:42:07.410986" level="INFO">POST Response : url=http://localhost:8000/api/auth/login/student 
 status=200, reason=OK 
 headers={'date': 'Sun, 05 Apr 2026 16:42:07 GMT', 'server': 'uvicorn', 'content-length': '166', 'content-type': 'application/json'} 
 body={"user":{"id":"PERF_76686879","username":"perf_76686879","role":"student","email":null,"display_name":"perf_76686879"},"token":"82d54b01-c3d8-43fa-8aba-a0c7e8f7c866"} 
 </msg>
<msg time="2026-04-05T23:42:07.410986" level="INFO">${resp} = &lt;Response [200]&gt;</msg>
<var>${resp}</var>
<arg>progcheck</arg>
<arg>/api/auth/login/student</arg>
<arg>json=${login}</arg>
<arg>expected_status=200</arg>
<doc>Sends a POST request on a previously created HTTP Session.</doc>
<status status="PASS" start="2026-04-05T23:42:07.202945" elapsed="0.208041"/>
</kw>
<kw name="Response Time Is Under" owner="common">
<kw name="Evaluate" owner="BuiltIn">
<msg time="2026-04-05T23:42:07.412983" level="INFO">${elapsed_ms} = 207.88</msg>
<var>${elapsed_ms}</var>
<arg>${resp.elapsed.total_seconds()} * 1000</arg>
<doc>Evaluates the given expression in Python and returns the result.</doc>
<status status="PASS" start="2026-04-05T23:42:07.411968" elapsed="0.001015"/>
</kw>
<kw name="Should Be True" owner="BuiltIn">
<arg>${elapsed_ms} &lt; ${max_ms}</arg>
<arg>Response took ${elapsed_ms}ms, expected &lt; ${max_ms}ms</arg>
<doc>Fails if the given condition is not true.</doc>
<status status="PASS" start="2026-04-05T23:42:07.412983" elapsed="0.000000"/>
</kw>
<arg>${resp}</arg>
<arg>5000</arg>
<doc>Fail if the last HTTP response took longer than threshold (ms).</doc>
<status status="PASS" start="2026-04-05T23:42:07.411968" elapsed="0.001015"/>
</kw>
<doc>SNFR-1: login must respond within the 5-second budget.</doc>
<tag>auth</tag>
<tag>functional</tag>
<tag>performance</tag>
<status status="PASS" start="2026-04-05T23:42:06.990047" elapsed="0.423947"/>
</test>
<doc>Acceptance tests for user authentication (UFR-1, UFR-2, SFR-1, SFR-2).

Requires the ProgCheck server running at http://localhost:8000.
Run with: robot tests/robot/auth.robot</doc>
<status status="PASS" start="2026-04-05T23:42:02.298666" elapsed="5.115328"/>
</suite>
<suite id="s1-s2" name="Lab Management" source="C:\n\year3\sem2\team_pj\progcheck\tests\robot\lab_management.robot">
<kw name="Run Keywords" owner="BuiltIn" type="SETUP">
<kw name="Create Session" owner="common">
<kw name="Create Session" owner="RequestsLibrary">
<msg time="2026-04-05T23:42:07.426812" level="INFO">Creating Session using : alias=progcheck, url=http://localhost:8000, headers={},                     cookies={}, auth=None, timeout=None, proxies=None, verify=False,                     debug=0 </msg>
<arg>progcheck</arg>
<arg>${BASE_URL}</arg>
<arg>verify=False</arg>
<doc>Create Session: create a HTTP session to a server</doc>
<status status="PASS" start="2026-04-05T23:42:07.426812" elapsed="0.000000"/>
</kw>
<doc>Open a requests session to the ProgCheck API server.</doc>
<status status="PASS" start="2026-04-05T23:42:07.425810" elapsed="0.001002"/>
</kw>
<kw name="Setup Suite Users">
<kw name="Generate Random String" owner="String">
<msg time="2026-04-05T23:42:07.427814" level="INFO">${uid} = 745446</msg>
<var>${uid}</var>
<arg>6</arg>
<arg>[NUMBERS]</arg>
<doc>Generates a string with a desired ``length`` from the given ``chars``.</doc>
<status status="PASS" start="2026-04-05T23:42:07.427814" elapsed="0.000000"/>
</kw>
<kw name="Set Suite Variable" owner="BuiltIn">
<msg time="2026-04-05T23:42:07.428807" level="INFO">${T_ID} = LMTCH_745446</msg>
<arg>${T_ID}</arg>
<arg>LMTCH_${uid}</arg>
<doc>Makes a variable available everywhere within the scope of the current suite.</doc>
<status status="PASS" start="2026-04-05T23:42:07.427814" elapsed="0.000993"/>
</kw>
<kw name="Set Suite Variable" owner="BuiltIn">
<msg time="2026-04-05T23:42:07.429801" level="INFO">${S_ID} = LMSTU_745446</msg>
<arg>${S_ID}</arg>
<arg>LMSTU_${uid}</arg>
<doc>Makes a variable available everywhere within the scope of the current suite.</doc>
<status status="PASS" start="2026-04-05T23:42:07.428807" elapsed="0.000994"/>
</kw>
<kw name="Set Suite Variable" owner="BuiltIn">
<msg time="2026-04-05T23:42:07.429801" level="INFO">${T_NAME} = lmTeacher_745446</msg>
<arg>${T_NAME}</arg>
<arg>lmTeacher_${uid}</arg>
<doc>Makes a variable available everywhere within the scope of the current suite.</doc>
<status status="PASS" start="2026-04-05T23:42:07.429801" elapsed="0.000000"/>
</kw>
<kw name="Set Suite Variable" owner="BuiltIn">
<msg time="2026-04-05T23:42:07.430805" level="INFO">${S_NAME} = lmStudent_745446</msg>
<arg>${S_NAME}</arg>
<arg>lmStudent_${uid}</arg>
<doc>Makes a variable available everywhere within the scope of the current suite.</doc>
<status status="PASS" start="2026-04-05T23:42:07.430805" elapsed="0.000000"/>
</kw>
<kw name="Create Dictionary" owner="BuiltIn">
<msg time="2026-04-05T23:42:07.430805" level="INFO">${tbody} = {'username': 'lmTeacher_745446', 'password': 'TeacherPass', 'role': 'teacher', 'teacher_id': 'LMTCH_745446'}</msg>
<var>${tbody}</var>
<arg>username=${T_NAME}</arg>
<arg>password=${T_PASS}</arg>
<arg>role=teacher</arg>
<arg>teacher_id=${T_ID}</arg>
<doc>Creates and returns a dictionary based on the given ``items``.</doc>
<status status="PASS" start="2026-04-05T23:42:07.430805" elapsed="0.000000"/>
</kw>
<kw name="POST On Session" owner="RequestsLibrary">
<msg time="2026-04-05T23:42:09.677236" level="INFO">POST Request : url=http://localhost:8000/api/auth/register 
 path_url=/api/auth/register 
 headers={'User-Agent': 'python-requests/2.31.0', 'Accept-Encoding': 'gzip, deflate', 'Accept': '*/*', 'Connection': 'keep-alive', 'Content-Length': '108', 'Content-Type': 'application/json'} 
 body=b'{"username": "lmTeacher_745446", "password": "TeacherPass", "role": "teacher", "teacher_id": "LMTCH_745446"}' 
 </msg>
<msg time="2026-04-05T23:42:09.677236" level="INFO">POST Response : url=http://localhost:8000/api/auth/register 
 status=200, reason=OK 
 headers={'date': 'Sun, 05 Apr 2026 16:42:09 GMT', 'server': 'uvicorn', 'content-length': '171', 'content-type': 'application/json'} 
 body={"user":{"id":"LMTCH_745446","username":"lmTeacher_745446","role":"teacher","email":null,"display_name":"lmTeacher_745446"},"token":"d278f737-705b-436d-a403-53acc58b9099"} 
 </msg>
<arg>progcheck</arg>
<arg>/api/auth/register</arg>
<arg>json=${tbody}</arg>
<arg>expected_status=200</arg>
<doc>Sends a POST request on a previously created HTTP Session.</doc>
<status status="PASS" start="2026-04-05T23:42:07.431809" elapsed="2.245427"/>
</kw>
<kw name="Create Dictionary" owner="BuiltIn">
<msg time="2026-04-05T23:42:09.678233" level="INFO">${sbody} = {'username': 'lmStudent_745446', 'password': 'StudentPass', 'role': 'student', 'student_id': 'LMSTU_745446'}</msg>
<var>${sbody}</var>
<arg>username=${S_NAME}</arg>
<arg>password=${S_PASS}</arg>
<arg>role=student</arg>
<arg>student_id=${S_ID}</arg>
<doc>Creates and returns a dictionary based on the given ``items``.</doc>
<status status="PASS" start="2026-04-05T23:42:09.677236" elapsed="0.000997"/>
</kw>
<kw name="POST On Session" owner="RequestsLibrary">
<msg time="2026-04-05T23:42:09.886953" level="INFO">POST Request : url=http://localhost:8000/api/auth/register 
 path_url=/api/auth/register 
 headers={'User-Agent': 'python-requests/2.31.0', 'Accept-Encoding': 'gzip, deflate', 'Accept': '*/*', 'Connection': 'keep-alive', 'Content-Length': '108', 'Content-Type': 'application/json'} 
 body=b'{"username": "lmStudent_745446", "password": "StudentPass", "role": "student", "student_id": "LMSTU_745446"}' 
 </msg>
<msg time="2026-04-05T23:42:09.886953" level="INFO">POST Response : url=http://localhost:8000/api/auth/register 
 status=200, reason=OK 
 headers={'date': 'Sun, 05 Apr 2026 16:42:09 GMT', 'server': 'uvicorn', 'content-length': '171', 'content-type': 'application/json'} 
 body={"user":{"id":"LMSTU_745446","username":"lmStudent_745446","role":"student","email":null,"display_name":"lmStudent_745446"},"token":"1c3c1ac1-185a-459f-91a5-4ab2f6579afc"} 
 </msg>
<arg>progcheck</arg>
<arg>/api/auth/register</arg>
<arg>json=${sbody}</arg>
<arg>expected_status=200</arg>
<doc>Sends a POST request on a previously created HTTP Session.</doc>
<status status="PASS" start="2026-04-05T23:42:09.678233" elapsed="0.208720"/>
</kw>
<status status="PASS" start="2026-04-05T23:42:07.427814" elapsed="2.459139"/>
</kw>
<arg>Create Session</arg>
<arg>AND</arg>
<arg>Setup Suite Users</arg>
<doc>Executes all the given keywords in a sequence.</doc>
<status status="PASS" start="2026-04-05T23:42:07.424795" elapsed="2.462158"/>
</kw>
<test id="s1-s2-t1" name="TC-LAB-001 Teacher Creates Classroom" line="44">
<kw name="Create Dictionary" owner="BuiltIn">
<msg time="2026-04-05T23:42:09.887950" level="INFO">${body} = {'class_name': 'Prolog 101', 'teacher_id': 'LMTCH_745446'}</msg>
<var>${body}</var>
<arg>class_name=Prolog 101</arg>
<arg>teacher_id=${T_ID}</arg>
<doc>Creates and returns a dictionary based on the given ``items``.</doc>
<status status="PASS" start="2026-04-05T23:42:09.887950" elapsed="0.000000"/>
</kw>
<kw name="POST On Session" owner="RequestsLibrary">
<msg time="2026-04-05T23:42:09.896994" level="INFO">POST Request : url=http://localhost:8000/api/classrooms/create?teacher_id=LMTCH_745446 
 path_url=/api/classrooms/create?teacher_id=LMTCH_745446 
 headers={'User-Agent': 'python-requests/2.31.0', 'Accept-Encoding': 'gzip, deflate', 'Accept': '*/*', 'Connection': 'keep-alive', 'Content-Length': '58', 'Content-Type': 'application/json'} 
 body=b'{"class_name": "Prolog 101", "teacher_id": "LMTCH_745446"}' 
 </msg>
<msg time="2026-04-05T23:42:09.896994" level="INFO">POST Response : url=http://localhost:8000/api/classrooms/create?teacher_id=LMTCH_745446 
 status=200, reason=OK 
 headers={'date': 'Sun, 05 Apr 2026 16:42:09 GMT', 'server': 'uvicorn', 'content-length': '179', 'content-type': 'application/json'} 
 body={"class_id":131111,"class_name":"Prolog 101","class_size":0,"prerequisites":"","teacher_id":"LMTCH_745446","student_ids":[],"lab_ids":[],"created_at":"2026-04-05T23:42:09.895000"} 
 </msg>
<msg time="2026-04-05T23:42:09.896994" level="INFO">${resp} = &lt;Response [200]&gt;</msg>
<var>${resp}</var>
<arg>progcheck</arg>
<arg>url=/api/classrooms/create?teacher_id=${T_ID}</arg>
<arg>json=${body}</arg>
<arg>expected_status=200</arg>
<doc>Sends a POST request on a previously created HTTP Session.</doc>
<status status="PASS" start="2026-04-05T23:42:09.887950" elapsed="0.009044"/>
</kw>
<kw name="Dictionary Should Contain Key" owner="Collections">
<arg>${resp.json()}</arg>
<arg>class_id</arg>
<doc>Fails if ``key`` is not found from ``dictionary``.</doc>
<status status="PASS" start="2026-04-05T23:42:09.897996" elapsed="0.000000"/>
</kw>
<kw name="Get From Dictionary" owner="Collections">
<msg time="2026-04-05T23:42:09.899008" level="INFO">${CLASS_ID} = 131111</msg>
<var>${CLASS_ID}</var>
<arg>${resp.json()}</arg>
<arg>class_id</arg>
<doc>Returns a value from the given ``dictionary`` based on the given ``key``.</doc>
<status status="PASS" start="2026-04-05T23:42:09.897996" elapsed="0.001012"/>
</kw>
<kw name="Set Suite Variable" owner="BuiltIn">
<msg time="2026-04-05T23:42:09.899008" level="INFO">${CLASS_ID} = 131111</msg>
<arg>${CLASS_ID}</arg>
<doc>Makes a variable available everywhere within the scope of the current suite.</doc>
<status status="PASS" start="2026-04-05T23:42:09.899008" elapsed="0.000992"/>
</kw>
<doc>UFR-12: Instructor can create a classroom.</doc>
<tag>classroom</tag>
<tag>functional</tag>
<tag>instructor</tag>
<tag>lab</tag>
<tag>positive</tag>
<status status="PASS" start="2026-04-05T23:42:09.886953" elapsed="0.013047"/>
</test>
<test id="s1-s2-t2" name="TC-LAB-002 Non-Owner Teacher Cannot Create Lab In Foreign Classroom" line="56">
<kw name="Generate Random String" owner="String">
<msg time="2026-04-05T23:42:09.900994" level="INFO">${uid2} = 120851</msg>
<var>${uid2}</var>
<arg>6</arg>
<arg>[NUMBERS]</arg>
<doc>Generates a string with a desired ``length`` from the given ``chars``.</doc>
<status status="PASS" start="2026-04-05T23:42:09.900994" elapsed="0.000000"/>
</kw>
<kw name="Create Dictionary" owner="BuiltIn">
<msg time="2026-04-05T23:42:09.901996" level="INFO">${body2} = {'username': 'other_120851', 'password': 'OtherPass', 'role': 'teacher', 'teacher_id': 'OTH_120851'}</msg>
<var>${body2}</var>
<arg>username=other_${uid2}</arg>
<arg>password=OtherPass</arg>
<arg>role=teacher</arg>
<arg>teacher_id=OTH_${uid2}</arg>
<doc>Creates and returns a dictionary based on the given ``items``.</doc>
<status status="PASS" start="2026-04-05T23:42:09.900994" elapsed="0.001002"/>
</kw>
<kw name="POST On Session" owner="RequestsLibrary">
<msg time="2026-04-05T23:42:10.110113" level="INFO">POST Request : url=http://localhost:8000/api/auth/register 
 path_url=/api/auth/register 
 headers={'User-Agent': 'python-requests/2.31.0', 'Accept-Encoding': 'gzip, deflate', 'Accept': '*/*', 'Connection': 'keep-alive', 'Content-Length': '100', 'Content-Type': 'application/json'} 
 body=b'{"username": "other_120851", "password": "OtherPass", "role": "teacher", "teacher_id": "OTH_120851"}' 
 </msg>
<msg time="2026-04-05T23:42:10.110113" level="INFO">POST Response : url=http://localhost:8000/api/auth/register 
 status=200, reason=OK 
 headers={'date': 'Sun, 05 Apr 2026 16:42:09 GMT', 'server': 'uvicorn', 'content-length': '161', 'content-type': 'application/json'} 
 body={"user":{"id":"OTH_120851","username":"other_120851","role":"teacher","email":null,"display_name":"other_120851"},"token":"1eb255ae-ef2e-43c5-986b-266bda5bcf59"} 
 </msg>
<arg>progcheck</arg>
<arg>/api/auth/register</arg>
<arg>json=${body2}</arg>
<arg>expected_status=200</arg>
<doc>Sends a POST request on a previously created HTTP Session.</doc>
<status status="PASS" start="2026-04-05T23:42:09.901996" elapsed="0.208117"/>
</kw>
<kw name="Create Dictionary" owner="BuiltIn">
<msg time="2026-04-05T23:42:10.111120" level="INFO">${lbody} = {'title': 'Intruder Lab', 'classroom_id': 131111}</msg>
<var>${lbody}</var>
<arg>title=Intruder Lab</arg>
<arg>classroom_id=${CLASS_ID}</arg>
<doc>Creates and returns a dictionary based on the given ``items``.</doc>
<status status="PASS" start="2026-04-05T23:42:10.110113" elapsed="0.001007"/>
</kw>
<kw name="POST On Session" owner="RequestsLibrary">
<msg time="2026-04-05T23:42:10.115629" level="INFO">POST Request : url=http://localhost:8000/api/labs/create?teacher_id=OTH_120851 
 path_url=/api/labs/create?teacher_id=OTH_120851 
 headers={'User-Agent': 'python-requests/2.31.0', 'Accept-Encoding': 'gzip, deflate', 'Accept': '*/*', 'Connection': 'keep-alive', 'Content-Length': '49', 'Content-Type': 'application/json'} 
 body=b'{"title": "Intruder Lab", "classroom_id": 131111}' 
 </msg>
<msg time="2026-04-05T23:42:10.115629" level="INFO">POST Response : url=http://localhost:8000/api/labs/create?teacher_id=OTH_120851 
 status=403, reason=Forbidden 
 headers={'date': 'Sun, 05 Apr 2026 16:42:09 GMT', 'server': 'uvicorn', 'content-length': '65', 'content-type': 'application/json'} 
 body={"detail":"Teacher can only create labs in their own classrooms"} 
 </msg>
<msg time="2026-04-05T23:42:10.115629" level="INFO">${resp} = &lt;Response [403]&gt;</msg>
<var>${resp}</var>
<arg>progcheck</arg>
<arg>url=/api/labs/create?teacher_id=OTH_${uid2}</arg>
<arg>json=${lbody}</arg>
<arg>expected_status=any</arg>
<doc>Sends a POST request on a previously created HTTP Session.</doc>
<status status="PASS" start="2026-04-05T23:42:10.111120" elapsed="0.004509"/>
</kw>
<kw name="Should Be Equal As Integers" owner="BuiltIn">
<msg time="2026-04-05T23:42:10.116630" level="INFO">Argument types are:
&lt;class 'int'&gt;
&lt;class 'str'&gt;</msg>
<arg>${resp.status_code}</arg>
<arg>403</arg>
<doc>Fails if objects are unequal after converting them to integers.</doc>
<status status="PASS" start="2026-04-05T23:42:10.116630" elapsed="0.000000"/>
</kw>
<doc>SFR-2: unauthorized teacher gets 403 when creating lab in another's classroom.</doc>
<tag>functional</tag>
<tag>instructor</tag>
<tag>lab</tag>
<tag>negative</tag>
<tag>security</tag>
<status status="PASS" start="2026-04-05T23:42:09.900000" elapsed="0.217621"/>
</test>
<test id="s1-s2-t3" name="TC-LAB-003 Teacher Creates Inactive Lab" line="75">
<kw name="Create Dictionary" owner="BuiltIn">
<msg time="2026-04-05T23:42:10.118630" level="INFO">${body} = {'title': 'Inactive Lab', 'classroom_id': 131111}</msg>
<var>${body}</var>
<arg>title=Inactive Lab</arg>
<arg>classroom_id=${CLASS_ID}</arg>
<doc>Creates and returns a dictionary based on the given ``items``.</doc>
<status status="PASS" start="2026-04-05T23:42:10.117621" elapsed="0.001009"/>
</kw>
<kw name="POST On Session" owner="RequestsLibrary">
<msg time="2026-04-05T23:42:10.122630" level="INFO">POST Request : url=http://localhost:8000/api/labs/create?teacher_id=LMTCH_745446 
 path_url=/api/labs/create?teacher_id=LMTCH_745446 
 headers={'User-Agent': 'python-requests/2.31.0', 'Accept-Encoding': 'gzip, deflate', 'Accept': '*/*', 'Connection': 'keep-alive', 'Content-Length': '49', 'Content-Type': 'application/json'} 
 body=b'{"title": "Inactive Lab", "classroom_id": 131111}' 
 </msg>
<msg time="2026-04-05T23:42:10.124139" level="INFO">POST Response : url=http://localhost:8000/api/labs/create?teacher_id=LMTCH_745446 
 status=200, reason=OK 
 headers={'date': 'Sun, 05 Apr 2026 16:42:09 GMT', 'server': 'uvicorn', 'content-length': '183', 'content-type': 'application/json'} 
 body={"lab_id":786727,"title":"Inactive Lab","classroom_id":131111,"status":"inactive","active_time":null,"complete_time":null,"question_count":0,"created_at":"2026-04-05T23:42:10.120625"} 
 </msg>
<msg time="2026-04-05T23:42:10.124139" level="INFO">${resp} = &lt;Response [200]&gt;</msg>
<var>${resp}</var>
<arg>progcheck</arg>
<arg>url=/api/labs/create?teacher_id=${T_ID}</arg>
<arg>json=${body}</arg>
<arg>expected_status=200</arg>
<doc>Sends a POST request on a previously created HTTP Session.</doc>
<status status="PASS" start="2026-04-05T23:42:10.118630" elapsed="0.005509"/>
</kw>
<kw name="Should Be Equal" owner="BuiltIn">
<arg>${resp.json()["status"]}</arg>
<arg>inactive</arg>
<doc>Fails if the given objects are unequal.</doc>
<status status="PASS" start="2026-04-05T23:42:10.124139" elapsed="0.001008"/>
</kw>
<kw name="Set Suite Variable" owner="BuiltIn">
<msg time="2026-04-05T23:42:10.127150" level="INFO">${INACTIVE_LAB_ID} = 786727</msg>
<arg>${INACTIVE_LAB_ID}</arg>
<arg>${resp.json()["lab_id"]}</arg>
<doc>Makes a variable available everywhere within the scope of the current suite.</doc>
<status status="PASS" start="2026-04-05T23:42:10.125147" elapsed="0.002003"/>
</kw>
<doc>SFR-4: new lab with no time window is inactive.</doc>
<tag>creation</tag>
<tag>functional</tag>
<tag>instructor</tag>
<tag>lab</tag>
<tag>positive</tag>
<status status="PASS" start="2026-04-05T23:42:10.117621" elapsed="0.009529"/>
</test>
<test id="s1-s2-t4" name="TC-LAB-004 Teacher Creates Active Lab" line="85">
<kw name="Get Current Date" owner="DateTime">
<msg time="2026-04-05T23:42:10.128150" level="INFO">${now} = 2026-04-05T23:42</msg>
<var>${now}</var>
<arg>result_format=%Y-%m-%dT%H:%M</arg>
<doc>Returns current local or UTC time with an optional increment.</doc>
<status status="PASS" start="2026-04-05T23:42:10.128150" elapsed="0.000000"/>
</kw>
<kw name="Subtract Time From Date" owner="DateTime">
<msg time="2026-04-05T23:42:10.132151" level="INFO">${past} = 2026-04-05T22:42</msg>
<var>${past}</var>
<arg>${now}</arg>
<arg>1 hour</arg>
<arg>result_format=%Y-%m-%dT%H:%M</arg>
<doc>Subtracts time from date and returns the resulting date.</doc>
<status status="PASS" start="2026-04-05T23:42:10.128150" elapsed="0.005007"/>
</kw>
<kw name="Add Time To Date" owner="DateTime">
<msg time="2026-04-05T23:42:10.133157" level="INFO">${future} = 2026-04-06T04:42</msg>
<var>${future}</var>
<arg>${now}</arg>
<arg>5 hours</arg>
<arg>result_format=%Y-%m-%dT%H:%M</arg>
<doc>Adds time to date and returns the resulting date.</doc>
<status status="PASS" start="2026-04-05T23:42:10.133157" elapsed="0.000000"/>
</kw>
<kw name="Create Dictionary" owner="BuiltIn">
<msg time="2026-04-05T23:42:10.134160" level="INFO">${body} = {'title': 'Active Lab', 'classroom_id': 131111, 'active_time': '2026-04-05T22:42', 'complete_time': '2026-04-06T04:42'}</msg>
<var>${body}</var>
<arg>title=Active Lab</arg>
<arg>classroom_id=${CLASS_ID}</arg>
<arg>active_time=${past}</arg>
<arg>complete_time=${future}</arg>
<doc>Creates and returns a dictionary based on the given ``items``.</doc>
<status status="PASS" start="2026-04-05T23:42:10.133157" elapsed="0.001003"/>
</kw>
<kw name="POST On Session" owner="RequestsLibrary">
<msg time="2026-04-05T23:42:10.148001" level="INFO">POST Request : url=http://localhost:8000/api/labs/create?teacher_id=LMTCH_745446 
 path_url=/api/labs/create?teacher_id=LMTCH_745446 
 headers={'User-Agent': 'python-requests/2.31.0', 'Accept-Encoding': 'gzip, deflate', 'Accept': '*/*', 'Connection': 'keep-alive', 'Content-Length': '119', 'Content-Type': 'application/json'} 
 body=b'{"title": "Active Lab", "classroom_id": 131111, "active_time": "2026-04-05T22:42", "complete_time": "2026-04-06T04:42"}' 
 </msg>
<msg time="2026-04-05T23:42:10.148001" level="INFO">POST Response : url=http://localhost:8000/api/labs/create?teacher_id=LMTCH_745446 
 status=200, reason=OK 
 headers={'date': 'Sun, 05 Apr 2026 16:42:09 GMT', 'server': 'uvicorn', 'content-length': '213', 'content-type': 'application/json'} 
 body={"lab_id":992205,"title":"Active Lab","classroom_id":131111,"status":"active","active_time":"2026-04-05T22:42:00","complete_time":"2026-04-06T04:42:00","question_count":0,"created_at":"2026-04-05T23:42:10.145015"} 
 </msg>
<msg time="2026-04-05T23:42:10.148001" level="INFO">${resp} = &lt;Response [200]&gt;</msg>
<var>${resp}</var>
<arg>progcheck</arg>
<arg>url=/api/labs/create?teacher_id=${T_ID}</arg>
<arg>json=${body}</arg>
<arg>expected_status=200</arg>
<doc>Sends a POST request on a previously created HTTP Session.</doc>
<status status="PASS" start="2026-04-05T23:42:10.134160" elapsed="0.013841"/>
</kw>
<kw name="Should Be Equal" owner="BuiltIn">
<arg>${resp.json()["status"]}</arg>
<arg>active</arg>
<doc>Fails if the given objects are unequal.</doc>
<status status="PASS" start="2026-04-05T23:42:10.148001" elapsed="0.000997"/>
</kw>
<kw name="Set Suite Variable" owner="BuiltIn">
<msg time="2026-04-05T23:42:10.149993" level="INFO">${ACTIVE_LAB_ID} = 992205</msg>
<arg>${ACTIVE_LAB_ID}</arg>
<arg>${resp.json()["lab_id"]}</arg>
<doc>Makes a variable available everywhere within the scope of the current suite.</doc>
<status status="PASS" start="2026-04-05T23:42:10.148998" elapsed="0.000995"/>
</kw>
<doc>SFR-4: lab with past start and future end is active.</doc>
<tag>creation</tag>
<tag>functional</tag>
<tag>instructor</tag>
<tag>lab</tag>
<tag>positive</tag>
<status status="PASS" start="2026-04-05T23:42:10.127150" elapsed="0.023843"/>
</test>
<test id="s1-s2-t5" name="TC-LAB-005 Lab With Complete Before Active Rejected" line="100">
<kw name="Get Current Date" owner="DateTime">
<msg time="2026-04-05T23:42:10.150993" level="INFO">${now} = 2026-04-05T23:42</msg>
<var>${now}</var>
<arg>result_format=%Y-%m-%dT%H:%M</arg>
<doc>Returns current local or UTC time with an optional increment.</doc>
<status status="PASS" start="2026-04-05T23:42:10.150993" elapsed="0.001000"/>
</kw>
<kw name="Add Time To Date" owner="DateTime">
<msg time="2026-04-05T23:42:10.151993" level="INFO">${future} = 2026-04-06T04:42</msg>
<var>${future}</var>
<arg>${now}</arg>
<arg>5 hours</arg>
<arg>result_format=%Y-%m-%dT%H:%M</arg>
<doc>Adds time to date and returns the resulting date.</doc>
<status status="PASS" start="2026-04-05T23:42:10.151993" elapsed="0.000000"/>
</kw>
<kw name="Subtract Time From Date" owner="DateTime">
<msg time="2026-04-05T23:42:10.151993" level="INFO">${past} = 2026-04-05T22:42</msg>
<var>${past}</var>
<arg>${now}</arg>
<arg>1 hour</arg>
<arg>result_format=%Y-%m-%dT%H:%M</arg>
<doc>Subtracts time from date and returns the resulting date.</doc>
<status status="PASS" start="2026-04-05T23:42:10.151993" elapsed="0.001022"/>
</kw>
<kw name="Create Dictionary" owner="BuiltIn">
<msg time="2026-04-05T23:42:10.153015" level="INFO">${body} = {'title': 'Bad Lab', 'classroom_id': 131111, 'active_time': '2026-04-06T04:42', 'complete_time': '2026-04-05T22:42'}</msg>
<var>${body}</var>
<arg>title=Bad Lab</arg>
<arg>classroom_id=${CLASS_ID}</arg>
<arg>active_time=${future}</arg>
<arg>complete_time=${past}</arg>
<doc>Creates and returns a dictionary based on the given ``items``.</doc>
<status status="PASS" start="2026-04-05T23:42:10.153015" elapsed="0.000000"/>
</kw>
<kw name="POST On Session" owner="RequestsLibrary">
<msg time="2026-04-05T23:42:10.155515" level="INFO">POST Request : url=http://localhost:8000/api/labs/create?teacher_id=LMTCH_745446 
 path_url=/api/labs/create?teacher_id=LMTCH_745446 
 headers={'User-Agent': 'python-requests/2.31.0', 'Accept-Encoding': 'gzip, deflate', 'Accept': '*/*', 'Connection': 'keep-alive', 'Content-Length': '116', 'Content-Type': 'application/json'} 
 body=b'{"title": "Bad Lab", "classroom_id": 131111, "active_time": "2026-04-06T04:42", "complete_time": "2026-04-05T22:42"}' 
 </msg>
<msg time="2026-04-05T23:42:10.156517" level="INFO">POST Response : url=http://localhost:8000/api/labs/create?teacher_id=LMTCH_745446 
 status=422, reason=Unprocessable Entity 
 headers={'date': 'Sun, 05 Apr 2026 16:42:09 GMT', 'server': 'uvicorn', 'content-length': '52', 'content-type': 'application/json'} 
 body={"detail":"complete_time must be after active_time"} 
 </msg>
<msg time="2026-04-05T23:42:10.156517" level="INFO">${resp} = &lt;Response [422]&gt;</msg>
<var>${resp}</var>
<arg>progcheck</arg>
<arg>url=/api/labs/create?teacher_id=${T_ID}</arg>
<arg>json=${body}</arg>
<arg>expected_status=any</arg>
<doc>Sends a POST request on a previously created HTTP Session.</doc>
<status status="PASS" start="2026-04-05T23:42:10.153015" elapsed="0.003502"/>
</kw>
<kw name="Should Be Equal As Integers" owner="BuiltIn">
<msg time="2026-04-05T23:42:10.157518" level="INFO">Argument types are:
&lt;class 'int'&gt;
&lt;class 'str'&gt;</msg>
<arg>${resp.status_code}</arg>
<arg>422</arg>
<doc>Fails if objects are unequal after converting them to integers.</doc>
<status status="PASS" start="2026-04-05T23:42:10.156517" elapsed="0.001001"/>
</kw>
<doc>SFR-4: invalid time window returns 422.</doc>
<tag>creation</tag>
<tag>functional</tag>
<tag>instructor</tag>
<tag>lab</tag>
<tag>negative</tag>
<status status="PASS" start="2026-04-05T23:42:10.150993" elapsed="0.007511"/>
</test>
<test id="s1-s2-t6" name="TC-LAB-006 Teacher Adds Question To Inactive Lab" line="118">
<kw name="Create Dictionary" owner="BuiltIn">
<msg time="2026-04-05T23:42:10.160506" level="INFO">${body} = {'title': 'append/3', 'problem': 'Write the append predicate. append([],Y,Y) should be true.'}</msg>
<var>${body}</var>
<arg>title=append/3</arg>
<arg>problem=Write the append predicate. append([],Y,Y) should be true.</arg>
<doc>Creates and returns a dictionary based on the given ``items``.</doc>
<status status="PASS" start="2026-04-05T23:42:10.159508" elapsed="0.000998"/>
</kw>
<kw name="POST On Session" owner="RequestsLibrary">
<msg time="2026-04-05T23:42:10.167070" level="INFO">POST Request : url=http://localhost:8000/api/labs/786727/questions?teacher_id=LMTCH_745446 
 path_url=/api/labs/786727/questions?teacher_id=LMTCH_745446 
 headers={'User-Agent': 'python-requests/2.31.0', 'Accept-Encoding': 'gzip, deflate', 'Accept': '*/*', 'Connection': 'keep-alive', 'Content-Length': '94', 'Content-Type': 'application/json'} 
 body=b'{"title": "append/3", "problem": "Write the append predicate. append([],Y,Y) should be true."}' 
 </msg>
<msg time="2026-04-05T23:42:10.167070" level="INFO">POST Response : url=http://localhost:8000/api/labs/786727/questions?teacher_id=LMTCH_745446 
 status=200, reason=OK 
 headers={'date': 'Sun, 05 Apr 2026 16:42:09 GMT', 'server': 'uvicorn', 'content-length': '146', 'content-type': 'application/json'} 
 body={"question_id":759112,"title":"append/3","problem":"Write the append predicate. append([],Y,Y) should be true.","question_size":0,"test_cases":[]} 
 </msg>
<msg time="2026-04-05T23:42:10.167070" level="INFO">${resp} = &lt;Response [200]&gt;</msg>
<var>${resp}</var>
<arg>progcheck</arg>
<arg>url=/api/labs/${INACTIVE_LAB_ID}/questions?teacher_id=${T_ID}</arg>
<arg>json=${body}</arg>
<arg>expected_status=200</arg>
<doc>Sends a POST request on a previously created HTTP Session.</doc>
<status status="PASS" start="2026-04-05T23:42:10.160506" elapsed="0.006564"/>
</kw>
<kw name="Dictionary Should Contain Key" owner="Collections">
<arg>${resp.json()}</arg>
<arg>question_id</arg>
<doc>Fails if ``key`` is not found from ``dictionary``.</doc>
<status status="PASS" start="2026-04-05T23:42:10.167070" elapsed="0.000985"/>
</kw>
<kw name="Set Suite Variable" owner="BuiltIn">
<msg time="2026-04-05T23:42:10.169052" level="INFO">${QUESTION_ID} = 759112</msg>
<arg>${QUESTION_ID}</arg>
<arg>${resp.json()["question_id"]}</arg>
<doc>Makes a variable available everywhere within the scope of the current suite.</doc>
<status status="PASS" start="2026-04-05T23:42:10.168055" elapsed="0.000997"/>
</kw>
<kw name="Should Be Equal" owner="BuiltIn">
<arg>${resp.json()["title"]}</arg>
<arg>append/3</arg>
<doc>Fails if the given objects are unequal.</doc>
<status status="PASS" start="2026-04-05T23:42:10.170062" elapsed="0.000000"/>
</kw>
<doc>UFR-13: instructor adds a question with problem text.</doc>
<tag>functional</tag>
<tag>instructor</tag>
<tag>lab</tag>
<tag>positive</tag>
<tag>question</tag>
<status status="PASS" start="2026-04-05T23:42:10.158504" elapsed="0.011558"/>
</test>
<test id="s1-s2-t7" name="TC-LAB-007 Adding Question To Active Lab Is Forbidden" line="130">
<kw name="Create Dictionary" owner="BuiltIn">
<msg time="2026-04-05T23:42:10.172073" level="INFO">${body} = {'title': 'Late Q', 'problem': '...'}</msg>
<var>${body}</var>
<arg>title=Late Q</arg>
<arg>problem=...</arg>
<doc>Creates and returns a dictionary based on the given ``items``.</doc>
<status status="PASS" start="2026-04-05T23:42:10.171074" elapsed="0.000999"/>
</kw>
<kw name="POST On Session" owner="RequestsLibrary">
<msg time="2026-04-05T23:42:10.175580" level="INFO">POST Request : url=http://localhost:8000/api/labs/992205/questions?teacher_id=LMTCH_745446 
 path_url=/api/labs/992205/questions?teacher_id=LMTCH_745446 
 headers={'User-Agent': 'python-requests/2.31.0', 'Accept-Encoding': 'gzip, deflate', 'Accept': '*/*', 'Connection': 'keep-alive', 'Content-Length': '37', 'Content-Type': 'application/json'} 
 body=b'{"title": "Late Q", "problem": "..."}' 
 </msg>
<msg time="2026-04-05T23:42:10.175580" level="INFO">POST Response : url=http://localhost:8000/api/labs/992205/questions?teacher_id=LMTCH_745446 
 status=403, reason=Forbidden 
 headers={'date': 'Sun, 05 Apr 2026 16:42:09 GMT', 'server': 'uvicorn', 'content-length': '56', 'content-type': 'application/json'} 
 body={"detail":"Lab can only be edited while it is inactive"} 
 </msg>
<msg time="2026-04-05T23:42:10.175580" level="INFO">${resp} = &lt;Response [403]&gt;</msg>
<var>${resp}</var>
<arg>progcheck</arg>
<arg>url=/api/labs/${ACTIVE_LAB_ID}/questions?teacher_id=${T_ID}</arg>
<arg>json=${body}</arg>
<arg>expected_status=any</arg>
<doc>Sends a POST request on a previously created HTTP Session.</doc>
<status status="PASS" start="2026-04-05T23:42:10.172073" elapsed="0.003507"/>
</kw>
<kw name="Should Be Equal As Integers" owner="BuiltIn">
<msg time="2026-04-05T23:42:10.176578" level="INFO">Argument types are:
&lt;class 'int'&gt;
&lt;class 'str'&gt;</msg>
<arg>${resp.status_code}</arg>
<arg>403</arg>
<doc>Fails if objects are unequal after converting them to integers.</doc>
<status status="PASS" start="2026-04-05T23:42:10.175580" elapsed="0.000998"/>
</kw>
<doc>SFR-4: question editing is locked once lab goes active.</doc>
<tag>functional</tag>
<tag>instructor</tag>
<tag>lab</tag>
<tag>negative</tag>
<tag>question</tag>
<status status="PASS" start="2026-04-05T23:42:10.171074" elapsed="0.005504"/>
</test>
<test id="s1-s2-t8" name="TC-LAB-008 Teacher Retrieves Lab Questions" line="139">
<kw name="GET On Session" owner="RequestsLibrary">
<msg time="2026-04-05T23:42:10.179589" level="INFO">GET Request : url=http://localhost:8000/api/labs/786727/questions 
 path_url=/api/labs/786727/questions 
 headers={'User-Agent': 'python-requests/2.31.0', 'Accept-Encoding': 'gzip, deflate', 'Accept': '*/*', 'Connection': 'keep-alive'} 
 body=None 
 </msg>
<msg time="2026-04-05T23:42:10.179589" level="INFO">GET Response : url=http://localhost:8000/api/labs/786727/questions 
 status=200, reason=OK 
 headers={'date': 'Sun, 05 Apr 2026 16:42:09 GMT', 'server': 'uvicorn', 'content-length': '148', 'content-type': 'application/json'} 
 body=[{"question_id":759112,"title":"append/3","problem":"Write the append predicate. append([],Y,Y) should be true.","question_size":0,"test_cases":[]}] 
 </msg>
<msg time="2026-04-05T23:42:10.180575" level="INFO">${resp} = &lt;Response [200]&gt;</msg>
<var>${resp}</var>
<arg>progcheck</arg>
<arg>/api/labs/${INACTIVE_LAB_ID}/questions</arg>
<arg>expected_status=200</arg>
<doc>Sends a GET request on a previously created HTTP Session.</doc>
<status status="PASS" start="2026-04-05T23:42:10.177577" elapsed="0.002998"/>
</kw>
<kw name="Set Variable" owner="BuiltIn">
<msg time="2026-04-05T23:42:10.181590" level="INFO">${qs} = [{'question_id': 759112, 'title': 'append/3', 'problem': 'Write the append predicate. append([],Y,Y) should be true.', 'question_size': 0, 'test_cases': []}]</msg>
<var>${qs}</var>
<arg>${resp.json()}</arg>
<doc>Returns the given values which can then be assigned to a variables.</doc>
<status status="PASS" start="2026-04-05T23:42:10.180575" elapsed="0.001015"/>
</kw>
<kw name="Should Be True" owner="BuiltIn">
<arg>len($qs) &gt;= 1</arg>
<doc>Fails if the given condition is not true.</doc>
<status status="PASS" start="2026-04-05T23:42:10.181590" elapsed="0.000000"/>
</kw>
<doc>UFR-4: questions are retrievable per lab.</doc>
<tag>functional</tag>
<tag>instructor</tag>
<tag>lab</tag>
<tag>positive</tag>
<tag>question</tag>
<status status="PASS" start="2026-04-05T23:42:10.176578" elapsed="0.006001"/>
</test>
<test id="s1-s2-t9" name="TC-LAB-009 Teacher Adds Test Case To Question" line="147">
<kw name="Create Dictionary" owner="BuiltIn">
<msg time="2026-04-05T23:42:10.184099" level="INFO">${body} = {'input': 'append([],[],[])', 'expected_output': 'true'}</msg>
<var>${body}</var>
<arg>input=append([],[],[])</arg>
<arg>expected_output=true</arg>
<doc>Creates and returns a dictionary based on the given ``items``.</doc>
<status status="PASS" start="2026-04-05T23:42:10.182579" elapsed="0.001520"/>
</kw>
<kw name="POST On Session" owner="RequestsLibrary">
<msg time="2026-04-05T23:42:10.191604" level="INFO">POST Request : url=http://localhost:8000/api/labs/786727/questions/759112/testcases?teacher_id=LMTCH_745446 
 path_url=/api/labs/786727/questions/759112/testcases?teacher_id=LMTCH_745446 
 headers={'User-Agent': 'python-requests/2.31.0', 'Accept-Encoding': 'gzip, deflate', 'Accept': '*/*', 'Connection': 'keep-alive', 'Content-Length': '56', 'Content-Type': 'application/json'} 
 body=b'{"input": "append([],[],[])", "expected_output": "true"}' 
 </msg>
<msg time="2026-04-05T23:42:10.191604" level="INFO">POST Response : url=http://localhost:8000/api/labs/786727/questions/759112/testcases?teacher_id=LMTCH_745446 
 status=200, reason=OK 
 headers={'date': 'Sun, 05 Apr 2026 16:42:09 GMT', 'server': 'uvicorn', 'content-length': '74', 'content-type': 'application/json'} 
 body={"testcase_id":376484,"input":"append([],[],[])","expected_output":"true"} 
 </msg>
<msg time="2026-04-05T23:42:10.191604" level="INFO">${resp} = &lt;Response [200]&gt;</msg>
<var>${resp}</var>
<arg>progcheck</arg>
<arg>url=/api/labs/${INACTIVE_LAB_ID}/questions/${QUESTION_ID}/testcases?teacher_id=${T_ID}</arg>
<arg>json=${body}</arg>
<arg>expected_status=200</arg>
<doc>Sends a POST request on a previously created HTTP Session.</doc>
<status status="PASS" start="2026-04-05T23:42:10.185114" elapsed="0.006490"/>
</kw>
<kw name="Should Be Equal" owner="BuiltIn">
<arg>${resp.json()["input"]}</arg>
<arg>append([],[],[])</arg>
<doc>Fails if the given objects are unequal.</doc>
<status status="PASS" start="2026-04-05T23:42:10.192613" elapsed="0.000000"/>
</kw>
<doc>SFR-4: instructor can attach a test case to a question.</doc>
<tag>functional</tag>
<tag>instructor</tag>
<tag>lab</tag>
<tag>positive</tag>
<tag>testcase</tag>
<status status="PASS" start="2026-04-05T23:42:10.182579" elapsed="0.010034"/>
</test>
<test id="s1-s2-t10" name="TC-LAB-010 Student Submits To Active Lab" line="161">
<kw name="Get Current Date" owner="DateTime">
[...]
 headers={'User-Agent': 'python-requests/2.31.0', 'Accept-Encoding': 'gzip, deflate', 'Accept': '*/*', 'Connection': 'keep-alive', 'Content-Length': '104', 'Content-Type': 'application/json'} 
 body=b'{"problem_id": 135975, "student_code": "append([], Y, Y).\\nappend([H|T], Y, [H|R]) :- append(T, Y, R)."}' 
 </msg>
<msg time="2026-04-05T23:42:21.622592" level="INFO">POST Response : url=http://localhost:8000/api/generate-diagnosis-testcases 
 status=200, reason=OK 
 headers={'date': 'Sun, 05 Apr 2026 16:42:20 GMT', 'server': 'uvicorn', 'content-length': '756', 'content-type': 'application/json'} 
 body={"ok":true,"test_cases":[{"testcase_id":-1,"input":"append([], [1,2,3], [1,2,3])","expected_output":"true"},{"testcase_id":-2,"input":"append([a,b], [c,d], [a,b,c,d])","expected_output":"true"},{"testcase_id":-3,"input":"append([1,2,3], [], [1,2,3])","expected_output":"true"},{"testcase_id":-4,"input":"append([a], [b], [a,c])","expected_output":"false"},{"testcase_id":-5,"input":"append([1,2], [3,4], [1,2,3])","expected_output":"false"},{"testcase_id":-6,"input":"append([a,b,c], [d], [a,b,e,d])","expected_output":"false"},{"testcase_id":-7,"input":"append([], [], [])","expected_output":"true"},{"testcase_id":-8,"input":"append([1], [2], [3,2])","expected_output":"false"},{"testcase_id":-9,"input":"append([a], [], [a])","expected_output":"true"}]} 
 </msg>
<msg time="2026-04-05T23:42:21.622592" level="INFO">${resp} = &lt;Response [200]&gt;</msg>
<var>${resp}</var>
<arg>progcheck</arg>
<arg>/api/generate-diagnosis-testcases</arg>
<arg>json=${body}</arg>
<doc>Sends a POST request on a previously created HTTP Session.</doc>
<status status="PASS" start="2026-04-05T23:42:20.698483" elapsed="0.924109"/>
</kw>
<kw name="Should Be Equal As Integers" owner="BuiltIn">
<msg time="2026-04-05T23:42:21.625116" level="INFO">Argument types are:
&lt;class 'int'&gt;
&lt;class 'str'&gt;</msg>
<arg>${resp.status_code}</arg>
<arg>200</arg>
<doc>Fails if objects are unequal after converting them to integers.</doc>
<status status="PASS" start="2026-04-05T23:42:21.622592" elapsed="0.002524"/>
</kw>
<kw name="Set Variable" owner="BuiltIn">
<msg time="2026-04-05T23:42:21.626128" level="INFO">${j} = {'ok': True, 'test_cases': [{'testcase_id': -1, 'input': 'append([], [1,2,3], [1,2,3])', 'expected_output': 'true'}, {'testcase_id': -2, 'input': 'append([a,b], [c,d], [a,b,c,d])', 'expected_output': ...</msg>
<var>${j}</var>
<arg>${resp.json()}</arg>
<doc>Returns the given values which can then be assigned to a variables.</doc>
<status status="PASS" start="2026-04-05T23:42:21.625116" elapsed="0.001012"/>
</kw>
<kw name="Dictionary Should Contain Key" owner="Collections">
<arg>${j}</arg>
<arg>test_cases</arg>
<doc>Fails if ``key`` is not found from ``dictionary``.</doc>
<status status="PASS" start="2026-04-05T23:42:21.626128" elapsed="0.000000"/>
</kw>
<kw name="Should Be True" owner="BuiltIn">
<arg>isinstance($j["test_cases"], list)</arg>
<doc>Fails if the given condition is not true.</doc>
<status status="PASS" start="2026-04-05T23:42:21.626128" elapsed="0.001004"/>
</kw>
<doc>SNFR-10: endpoint returns ok=false and empty list when LLM unavailable.</doc>
<tag>degradation</tag>
<tag>functional</tag>
<tag>llm</tag>
<tag>prolog</tag>
<tag>submission</tag>
<status status="PASS" start="2026-04-05T23:42:20.697190" elapsed="0.929942"/>
</test>
<test id="s1-s3-t13" name="TC-PRL-013 Diagnosis Log Does Not Expose API Keys" line="205">
<kw name="Create Dictionary" owner="BuiltIn">
<msg time="2026-04-05T23:42:21.628131" level="INFO">${body} = {'problem_id': 135975, 'student_file': 'test.pl', 'student_code': 'append([], Y, Y).\nappend([H|T], Y, [H|R]) :- append(T, Y, R).'}</msg>
<var>${body}</var>
<arg>problem_id=${PL_QUESTION}</arg>
<arg>student_file=test.pl</arg>
<arg>student_code=${CORRECT_CODE}</arg>
<doc>Creates and returns a dictionary based on the given ``items``.</doc>
<status status="PASS" start="2026-04-05T23:42:21.628131" elapsed="0.000000"/>
</kw>
<kw name="POST On Session" owner="RequestsLibrary">
<msg time="2026-04-05T23:42:23.921263" level="INFO">POST Request : url=http://localhost:8000/api/full-diagnosis 
 path_url=/api/full-diagnosis 
 headers={'User-Agent': 'python-requests/2.31.0', 'Accept-Encoding': 'gzip, deflate', 'Accept': '*/*', 'Connection': 'keep-alive', 'Content-Length': '131', 'Content-Type': 'application/json'} 
 body=b'{"problem_id": 135975, "student_file": "test.pl", "student_code": "append([], Y, Y).\\nappend([H|T], Y, [H|R]) :- append(T, Y, R)."}' 
 </msg>
<msg time="2026-04-05T23:42:23.921263" level="INFO">POST Response : url=http://localhost:8000/api/full-diagnosis 
 status=200, reason=OK 
 headers={'date': 'Sun, 05 Apr 2026 16:42:21 GMT', 'server': 'uvicorn', 'content-length': '2704', 'content-type': 'application/json'} 
 body={"ok":true,"log":"PROLOG CODE CHECKER\nProblem: tmpgqsxcrjm.pl\nStudent Code: tmpbw33rsea.pl\nStep 1: Syntax Check (Grammar-based Parser)\nSyntax OK - No syntax errors found!\n\nPreparing test cases...\nExtracted from problem\nStep 2: Logical Analysis\n\nTest Cases Being Used:\n----------------------------------------\n  1. test(append([a],[b],[a,b]), [append([a],[b],[a,b])]).\n----------------------------------------\n\nTest Proof Trees:\n\nQuery: append([a]\nNo proof tree (query failed)\n---\nProof Tree:\nGoal: append([a],[b],[a,b]) :- append([],[b],[b])\n    Goal: append([],[b],[b]) (fact)\nStep 3: Feedback\n\n============================================================\nGENERATING NATURAL LANGUAGE FEEDBACK WITH LLM\n============================================================\n\nLLM INPUT (Feedback Generation):\n----------------------------------------\nAnalysis Results:\n  status: correct\n  proof_tree: Goal: append([a],[b],[a,b]) :- append([],[b],[b])\n    Goal: append([],[b],[b]) (fact)\n  diagnoses: []\n\nProblem Text (98 chars)\nStudent Code (61 chars)\n----------------------------------------\n\nCalling LLM API (Groq Llama 3.3)...\n\nLLM OUTPUT (Natural Language Feedback):\n============================================================\nThe program proves that `append([a],[b],[a,b])` is true. To do this, it breaks down the goal into a smaller step: `append([],[b],[b])`. This smaller step is a fact, meaning it's already known to be true. The program then uses this fact to prove the original goal, `append([a],[b],[a,b])`, by essentially adding 'a' to the beginning of the list. The proof tree shows that the program correctly handles the base case of appending an empty list. Therefore, the program correctly implements the append operation for lists.\n============================================================\n\n\nAUTO-CORRECTION\n================\nAttempt 1/2\nInput summary:\n- Error: None\n- Feedback length: 518\nCalling LLM code fixer...\nCorrected code:\nappend([], Y, Y).\nappend([H|T], Y, [H|R]) :- append(T, Y, R).\nStep 1: Syntax Check (Grammar-based Parser)\nSyntax OK - No syntax errors found!\n\nStep 2: Logical Analysis\n\nTest Cases Being Used:\n----------------------------------------\n  1. test(append([a],[b],[a,b]), [append([a],[b],[a,b])]).\n----------------------------------------\n\nTest Proof Trees:\n\nQuery: append([a]\nNo proof tree (query failed)\n---\nProof Tree:\nGoal: append([a],[b],[a,b]) :- append([],[b],[b])\n    Goal: append([],[b],[b]) (fact)\nAuto-correction succeeded.\nAuto-correction finished.\nPredicate: append/3","corrected_code":"append([], Y, Y).\nappend([H|T], Y, [H|R]) :- append(T, Y, R).","diff":"","changed":false} 
 </msg>
<msg time="2026-04-05T23:42:23.921263" level="INFO">${resp} = &lt;Response [200]&gt;</msg>
<var>${resp}</var>
<arg>progcheck</arg>
<arg>/api/full-diagnosis</arg>
<arg>json=${body}</arg>
<doc>Sends a POST request on a previously created HTTP Session.</doc>
<status status="PASS" start="2026-04-05T23:42:21.629129" elapsed="2.292134"/>
</kw>
<kw name="Get From Dictionary" owner="Collections">
<msg time="2026-04-05T23:42:23.922272" level="INFO">${log} = PROLOG CODE CHECKER
Problem: tmpgqsxcrjm.pl
Student Code: tmpbw33rsea.pl
Step 1: Syntax Check (Grammar-based Parser)
Syntax OK - No syntax errors found!

Preparing test cases...
Extracted from problem...</msg>
<var>${log}</var>
<arg>${resp.json()}</arg>
<arg>log</arg>
<doc>Returns a value from the given ``dictionary`` based on the given ``key``.</doc>
<status status="PASS" start="2026-04-05T23:42:23.922272" elapsed="0.000000"/>
</kw>
<kw name="Should Not Contain" owner="BuiltIn">
<arg>${log}</arg>
<arg>GROQ_API_KEY</arg>
<doc>Fails if ``container`` contains ``item`` one or more times.</doc>
<status status="PASS" start="2026-04-05T23:42:23.923263" elapsed="0.000000"/>
</kw>
<kw name="Should Not Contain" owner="BuiltIn">
<arg>${log}</arg>
<arg>sk-</arg>
<doc>Fails if ``container`` contains ``item`` one or more times.</doc>
<status status="PASS" start="2026-04-05T23:42:23.923263" elapsed="0.001002"/>
</kw>
<doc>SNFR-8: GROQ_API_KEY must not appear in the diagnosis log.</doc>
<tag>functional</tag>
<tag>prolog</tag>
<tag>security</tag>
<tag>submission</tag>
<status status="PASS" start="2026-04-05T23:42:21.627132" elapsed="2.297133"/>
</test>
<test id="s1-s3-t14" name="TC-PRL-014 Infinite Loop Code Does Not Hang Server" line="219">
<kw name="Set Variable" owner="BuiltIn">
<msg time="2026-04-05T23:42:23.925769" level="INFO">${loop_code} = loop(X) :- loop(X).</msg>
<var>${loop_code}</var>
<arg>loop(X) :- loop(X).</arg>
<doc>Returns the given values which can then be assigned to a variables.</doc>
<status status="PASS" start="2026-04-05T23:42:23.925769" elapsed="0.000000"/>
</kw>
<kw name="Create Dictionary" owner="BuiltIn">
<msg time="2026-04-05T23:42:23.926763" level="INFO">${body} = {'problem_id': 135975, 'student_file': 'loop.pl', 'student_code': 'loop(X) :- loop(X).'}</msg>
<var>${body}</var>
<arg>problem_id=${PL_QUESTION}</arg>
<arg>student_file=loop.pl</arg>
<arg>student_code=${loop_code}</arg>
<doc>Creates and returns a dictionary based on the given ``items``.</doc>
<status status="PASS" start="2026-04-05T23:42:23.925769" elapsed="0.000994"/>
</kw>
<kw name="POST On Session" owner="RequestsLibrary">
<msg time="2026-04-05T23:42:23.946336" level="INFO">POST Request : url=http://localhost:8000/api/syntax-check 
 path_url=/api/syntax-check 
 headers={'User-Agent': 'python-requests/2.31.0', 'Accept-Encoding': 'gzip, deflate', 'Accept': '*/*', 'Connection': 'keep-alive', 'Content-Length': '88', 'Content-Type': 'application/json'} 
 body=b'{"problem_id": 135975, "student_file": "loop.pl", "student_code": "loop(X) :- loop(X)."}' 
 </msg>
<msg time="2026-04-05T23:42:23.946336" level="INFO">POST Response : url=http://localhost:8000/api/syntax-check 
 status=200, reason=OK 
 headers={'date': 'Sun, 05 Apr 2026 16:42:23 GMT', 'server': 'uvicorn', 'content-length': '127', 'content-type': 'application/json'} 
 body={"ok":true,"feedback":"Step 1: Syntax Check (Grammar-based Parser)\nSyntax OK - No syntax errors found!\n","syntax_error":null} 
 </msg>
<msg time="2026-04-05T23:42:23.946336" level="INFO">${resp} = &lt;Response [200]&gt;</msg>
<var>${resp}</var>
<arg>progcheck</arg>
<arg>/api/syntax-check</arg>
<arg>json=${body}</arg>
<doc>Sends a POST request on a previously created HTTP Session.</doc>
<status status="PASS" start="2026-04-05T23:42:23.926763" elapsed="0.019573"/>
</kw>
<kw name="Response Time Is Under" owner="common">
<kw name="Evaluate" owner="BuiltIn">
<msg time="2026-04-05T23:42:23.948338" level="INFO">${elapsed_ms} = 19.122</msg>
<var>${elapsed_ms}</var>
<arg>${resp.elapsed.total_seconds()} * 1000</arg>
<doc>Evaluates the given expression in Python and returns the result.</doc>
<status status="PASS" start="2026-04-05T23:42:23.947334" elapsed="0.001004"/>
</kw>
<kw name="Should Be True" owner="BuiltIn">
<arg>${elapsed_ms} &lt; ${max_ms}</arg>
<arg>Response took ${elapsed_ms}ms, expected &lt; ${max_ms}ms</arg>
<doc>Fails if the given condition is not true.</doc>
<status status="PASS" start="2026-04-05T23:42:23.948338" elapsed="0.000996"/>
</kw>
<arg>${resp}</arg>
<arg>15000</arg>
<doc>Fail if the last HTTP response took longer than threshold (ms).</doc>
<status status="PASS" start="2026-04-05T23:42:23.946336" elapsed="0.002998"/>
</kw>
<kw name="Create Dictionary" owner="BuiltIn">
<msg time="2026-04-05T23:42:23.949334" level="INFO">${diag_body} = {'problem_id': 135975, 'student_file': 'loop.pl', 'student_code': 'loop(X) :- loop(X).'}</msg>
<var>${diag_body}</var>
<arg>problem_id=${PL_QUESTION}</arg>
<arg>student_file=loop.pl</arg>
<arg>student_code=${loop_code}</arg>
<doc>Creates and returns a dictionary based on the given ``items``.</doc>
<status status="PASS" start="2026-04-05T23:42:23.949334" elapsed="0.000000"/>
</kw>
<kw name="POST On Session" owner="RequestsLibrary">
<msg time="2026-04-05T23:42:25.748096" level="INFO">POST Request : url=http://localhost:8000/api/full-diagnosis 
 path_url=/api/full-diagnosis 
 headers={'User-Agent': 'python-requests/2.31.0', 'Accept-Encoding': 'gzip, deflate', 'Accept': '*/*', 'Connection': 'keep-alive', 'Content-Length': '88', 'Content-Type': 'application/json'} 
 body=b'{"problem_id": 135975, "student_file": "loop.pl", "student_code": "loop(X) :- loop(X)."}' 
 </msg>
<msg time="2026-04-05T23:42:25.748096" level="INFO">POST Response : url=http://localhost:8000/api/full-diagnosis 
 status=200, reason=OK 
 headers={'date': 'Sun, 05 Apr 2026 16:42:23 GMT', 'server': 'uvicorn', 'content-length': '2803', 'content-type': 'application/json'} 
 body={"ok":true,"log":"PROLOG CODE CHECKER\nProblem: tmpfcf_rq04.pl\nStudent Code: tmpnhzjdm0c.pl\nStep 1: Syntax Check (Grammar-based Parser)\nSyntax OK - No syntax errors found!\n\nPreparing test cases...\nExtracted from problem\nStep 2: Logical Analysis\n\nTest Cases Being Used:\n----------------------------------------\n  1. test(append([a],[b],[a,b]), [append([a],[b],[a,b])]).\n----------------------------------------\n\nTest Proof Trees:\n\nQuery: append([a]\nNo proof tree (query failed)\n---\nProof Tree:\nGoal: append([a],[b],[a,b]) :- append([],[b],[b])\n    Goal: append([],[b],[b]) (fact)\nStep 3: Feedback\n\n============================================================\nGENERATING NATURAL LANGUAGE FEEDBACK WITH LLM\n============================================================\n\nLLM INPUT (Feedback Generation):\n----------------------------------------\nAnalysis Results:\n  status: correct\n  proof_tree: Goal: append([a],[b],[a,b]) :- append([],[b],[b])\n    Goal: append([],[b],[b]) (fact)\n  diagnoses: []\n\nProblem Text (98 chars)\nStudent Code (19 chars)\n----------------------------------------\n\nCalling LLM API (Groq Llama 3.3)...\n\nLLM OUTPUT (Natural Language Feedback):\n============================================================\nThe program proves that `append([a],[b],[a,b])` is true. To do this, it breaks down the goal into a smaller step: `append([],[b],[b])`. This smaller step is a fact, meaning it's already known to be true. The program uses this fact to prove the original goal, `append([a],[b],[a,b])`, by essentially adding `a` to the beginning of the list `[b]`. Therefore, the program correctly implements the append operation by recursively building the resulting list.\n============================================================\n\n\nAUTO-CORRECTION\n================\nAttempt 1/2\nInput summary:\n- Error: None\n- Feedback length: 454\nCalling LLM code fixer...\nCorrected code:\nappend([], Y, Y).\nappend([X|Xs], Y, [X|Zs]) :- append(Xs, Y, Zs).\nStep 1: Syntax Check (Grammar-based Parser)\nSyntax OK - No syntax errors found!\n\nStep 2: Logical Analysis\n\nTest Cases Being Used:\n----------------------------------------\n  1. test(append([a],[b],[a,b]), [append([a],[b],[a,b])]).\n----------------------------------------\n\nTest Proof Trees:\n\nQuery: append([a]\nNo proof tree (query failed)\n---\nProof Tree:\nGoal: append([a],[b],[a,b]) :- append([],[b],[b])\n    Goal: append([],[b],[b]) (fact)\nAuto-correction succeeded.\nAuto-correction finished.\nPredicate: append/3","corrected_code":"append([], Y, Y).\nappend([X|Xs], Y, [X|Zs]) :- append(Xs, Y, Zs).","diff":"--- student_original.pl\n+++ student_corrected.pl\n@@ -1 +1,2 @@\n-loop(X) :- loop(X).\n+append([], Y, Y).\n+append([X|Xs], Y, [X|Zs]) :- append(Xs, Y, Zs).","changed":true} 
 </msg>
<msg time="2026-04-05T23:42:25.748096" level="INFO">${dresp} = &lt;Response [200]&gt;</msg>
<var>${dresp}</var>
<arg>progcheck</arg>
<arg>/api/full-diagnosis</arg>
<arg>json=${diag_body}</arg>
<doc>Sends a POST request on a previously created HTTP Session.</doc>
<status status="PASS" start="2026-04-05T23:42:23.949334" elapsed="1.798762"/>
</kw>
<kw name="Response Time Is Under" owner="common">
<kw name="Evaluate" owner="BuiltIn">
<msg time="2026-04-05T23:42:25.749097" level="INFO">${elapsed_ms} = 1797.138</msg>
<var>${elapsed_ms}</var>
<arg>${resp.elapsed.total_seconds()} * 1000</arg>
<doc>Evaluates the given expression in Python and returns the result.</doc>
<status status="PASS" start="2026-04-05T23:42:25.748096" elapsed="0.001001"/>
</kw>
<kw name="Should Be True" owner="BuiltIn">
<arg>${elapsed_ms} &lt; ${max_ms}</arg>
<arg>Response took ${elapsed_ms}ms, expected &lt; ${max_ms}ms</arg>
<doc>Fails if the given condition is not true.</doc>
<status status="PASS" start="2026-04-05T23:42:25.749097" elapsed="0.000000"/>
</kw>
<arg>${dresp}</arg>
<arg>15000</arg>
<doc>Fail if the last HTTP response took longer than threshold (ms).</doc>
<status status="PASS" start="2026-04-05T23:42:25.748096" elapsed="0.001001"/>
</kw>
<doc>SNFR-4: non-terminating student code must be cut off by depth/time limit.</doc>
<tag>functional</tag>
<tag>performance</tag>
<tag>prolog</tag>
<tag>safety</tag>
<tag>submission</tag>
<status status="PASS" start="2026-04-05T23:42:23.924265" elapsed="1.825840"/>
</test>
<doc>Acceptance tests for Prolog code submission and diagnosis pipeline
(UFR-5..UFR-10, SFR-6..SFR-13, SNFR-1, SNFR-4, SNFR-10).

Requires the ProgCheck server running at http://localhost:8000.
Run with: robot tests/robot/prolog_submission.robot</doc>
<status status="FAIL" start="2026-04-05T23:42:10.242974" elapsed="15.507131"/>
</suite>
<status status="FAIL" start="2026-04-05T23:42:02.268163" elapsed="23.482933"/>
</suite>
<statistics>
<total>
<stat pass="37" fail="2" skip="0">All Tests</stat>
</total>
<tag>
<stat pass="11" fail="0" skip="0">auth</stat>
<stat pass="1" fail="0" skip="0">classroom</stat>
<stat pass="1" fail="0" skip="0">contract</stat>
<stat pass="3" fail="0" skip="0">creation</stat>
<stat pass="1" fail="0" skip="0">degradation</stat>
<stat pass="4" fail="0" skip="0">diagnosis</stat>
<stat pass="37" fail="2" skip="0">functional</stat>
<stat pass="14" fail="0" skip="0">instructor</stat>
<stat pass="14" fail="0" skip="0">lab</stat>
<stat pass="1" fail="0" skip="0">llm</stat>
<stat pass="4" fail="0" skip="0">login</stat>
<stat pass="10" fail="2" skip="0">negative</stat>
<stat pass="6" fail="0" skip="0">performance</stat>
<stat pass="13" fail="0" skip="0">positive</stat>
<stat pass="12" fail="2" skip="0">prolog</stat>
<stat pass="1" fail="0" skip="0">quality</stat>
<stat pass="2" fail="1" skip="0">query</stat>
<stat pass="3" fail="0" skip="0">question</stat>
<stat pass="5" fail="0" skip="0">registration</stat>
<stat pass="1" fail="0" skip="0">role</stat>
<stat pass="1" fail="0" skip="0">safety</stat>
<stat pass="4" fail="0" skip="0">security</stat>
<stat pass="1" fail="0" skip="0">student</stat>
<stat pass="16" fail="2" skip="0">submission</stat>
<stat pass="3" fail="1" skip="0">syntax</stat>
<stat pass="2" fail="0" skip="0">testcase</stat>
</tag>
<suite>
<stat name="Robot" id="s1" pass="37" fail="2" skip="0">Robot</stat>
<stat name="Auth" id="s1-s1" pass="11" fail="0" skip="0">Robot.Auth</stat>
<stat name="Lab Management" id="s1-s2" pass="14" fail="0" skip="0">Robot.Lab Management</stat>
<stat name="Prolog Submission" id="s1-s3" pass="12" fail="2" skip="0">Robot.Prolog Submission</stat>
</suite>
</statistics>
<errors>
</errors>
</robot>
